The system is: Linux - 4.4.0-18362-Microsoft - x86_64
Compiling the C compiler identification source file "CMakeCCompilerId.c" succeeded.
Compiler: /usr/bin/cc 
Build flags: 
Id flags:  

The output was:
0


Compilation of the C compiler identification source "CMakeCCompilerId.c" produced "a.out"

The C compiler identification is GNU, found in "/mnt/c/Users/Indil/Desktop/RStudioGit/IterativeMethods/build_dir/CMakeFiles/3.16.3/CompilerIdC/a.out"

Compiling the CXX compiler identification source file "CMakeCXXCompilerId.cpp" succeeded.
Compiler: /usr/bin/c++ 
Build flags: 
Id flags:  

The output was:
0


Compilation of the CXX compiler identification source "CMakeCXXCompilerId.cpp" produced "a.out"

The CXX compiler identification is GNU, found in "/mnt/c/Users/Indil/Desktop/RStudioGit/IterativeMethods/build_dir/CMakeFiles/3.16.3/CompilerIdCXX/a.out"

Determining if the C compiler works passed with the following output:
Change Dir: /mnt/c/Users/Indil/Desktop/RStudioGit/IterativeMethods/build_dir/CMakeFiles/CMakeTmp

Run Build Command(s):/usr/bin/make cmTC_4c8d8/fast && /usr/bin/make -f CMakeFiles/cmTC_4c8d8.dir/build.make CMakeFiles/cmTC_4c8d8.dir/build
make[1]: Entering directory '/mnt/c/Users/Indil/Desktop/RStudioGit/IterativeMethods/build_dir/CMakeFiles/CMakeTmp'
Building C object CMakeFiles/cmTC_4c8d8.dir/testCCompiler.c.o
/usr/bin/cc    -o CMakeFiles/cmTC_4c8d8.dir/testCCompiler.c.o   -c /mnt/c/Users/Indil/Desktop/RStudioGit/IterativeMethods/build_dir/CMakeFiles/CMakeTmp/testCCompiler.c
Linking C executable cmTC_4c8d8
/usr/bin/cmake -E cmake_link_script CMakeFiles/cmTC_4c8d8.dir/link.txt --verbose=1
/usr/bin/cc      -rdynamic CMakeFiles/cmTC_4c8d8.dir/testCCompiler.c.o  -o cmTC_4c8d8 
make[1]: Leaving directory '/mnt/c/Users/Indil/Desktop/RStudioGit/IterativeMethods/build_dir/CMakeFiles/CMakeTmp'



Detecting C compiler ABI info compiled with the following output:
Change Dir: /mnt/c/Users/Indil/Desktop/RStudioGit/IterativeMethods/build_dir/CMakeFiles/CMakeTmp

Run Build Command(s):/usr/bin/make cmTC_592cd/fast && /usr/bin/make -f CMakeFiles/cmTC_592cd.dir/build.make CMakeFiles/cmTC_592cd.dir/build
make[1]: Entering directory '/mnt/c/Users/Indil/Desktop/RStudioGit/IterativeMethods/build_dir/CMakeFiles/CMakeTmp'
Building C object CMakeFiles/cmTC_592cd.dir/CMakeCCompilerABI.c.o
/usr/bin/cc   -v -o CMakeFiles/cmTC_592cd.dir/CMakeCCompilerABI.c.o   -c /usr/share/cmake-3.16/Modules/CMakeCCompilerABI.c
Using built-in specs.
COLLECT_GCC=/usr/bin/cc
OFFLOAD_TARGET_NAMES=nvptx-none:hsa
OFFLOAD_TARGET_DEFAULT=1
Target: x86_64-linux-gnu
Configured with: ../src/configure -v --with-pkgversion='Ubuntu 9.3.0-10ubuntu2' --with-bugurl=file:///usr/share/doc/gcc-9/README.Bugs --enable-languages=c,ada,c++,go,brig,d,fortran,objc,obj-c++,gm2 --prefix=/usr --with-gcc-major-version-only --program-suffix=-9 --program-prefix=x86_64-linux-gnu- --enable-shared --enable-linker-build-id --libexecdir=/usr/lib --without-included-gettext --enable-threads=posix --libdir=/usr/lib --enable-nls --enable-clocale=gnu --enable-libstdcxx-debug --enable-libstdcxx-time=yes --with-default-libstdcxx-abi=new --enable-gnu-unique-object --disable-vtable-verify --enable-plugin --enable-default-pie --with-system-zlib --with-target-system-zlib=auto --enable-objc-gc=auto --enable-multiarch --disable-werror --with-arch-32=i686 --with-abi=m64 --with-multilib-list=m32,m64,mx32 --enable-multilib --with-tune=generic --enable-offload-targets=nvptx-none,hsa --without-cuda-driver --enable-checking=release --build=x86_64-linux-gnu --host=x86_64-linux-gnu --target=x86_64-linux-gnu
Thread model: posix
gcc version 9.3.0 (Ubuntu 9.3.0-10ubuntu2) 
COLLECT_GCC_OPTIONS='-v' '-o' 'CMakeFiles/cmTC_592cd.dir/CMakeCCompilerABI.c.o' '-c' '-mtune=generic' '-march=x86-64'
 /usr/lib/gcc/x86_64-linux-gnu/9/cc1 -quiet -v -imultiarch x86_64-linux-gnu /usr/share/cmake-3.16/Modules/CMakeCCompilerABI.c -quiet -dumpbase CMakeCCompilerABI.c -mtune=generic -march=x86-64 -auxbase-strip CMakeFiles/cmTC_592cd.dir/CMakeCCompilerABI.c.o -version -fasynchronous-unwind-tables -fstack-protector-strong -Wformat -Wformat-security -fstack-clash-protection -fcf-protection -o /tmp/ccyJ7q7h.s
GNU C17 (Ubuntu 9.3.0-10ubuntu2) version 9.3.0 (x86_64-linux-gnu)
	compiled by GNU C version 9.3.0, GMP version 6.2.0, MPFR version 4.0.2, MPC version 1.1.0, isl version isl-0.22.1-GMP

GGC heuristics: --param ggc-min-expand=100 --param ggc-min-heapsize=131072
ignoring nonexistent directory "/usr/local/include/x86_64-linux-gnu"
ignoring nonexistent directory "/usr/lib/gcc/x86_64-linux-gnu/9/include-fixed"
ignoring nonexistent directory "/usr/lib/gcc/x86_64-linux-gnu/9/../../../../x86_64-linux-gnu/include"
#include "..." search starts here:
#include <...> search starts here:
 /usr/lib/gcc/x86_64-linux-gnu/9/include
 /usr/local/include
 /usr/include/x86_64-linux-gnu
 /usr/include
End of search list.
GNU C17 (Ubuntu 9.3.0-10ubuntu2) version 9.3.0 (x86_64-linux-gnu)
	compiled by GNU C version 9.3.0, GMP version 6.2.0, MPFR version 4.0.2, MPC version 1.1.0, isl version isl-0.22.1-GMP

GGC heuristics: --param ggc-min-expand=100 --param ggc-min-heapsize=131072
Compiler executable checksum: 18dc4c39b54390aa2b5013fb4339d43f
COLLECT_GCC_OPTIONS='-v' '-o' 'CMakeFiles/cmTC_592cd.dir/CMakeCCompilerABI.c.o' '-c' '-mtune=generic' '-march=x86-64'
 as -v --64 -o CMakeFiles/cmTC_592cd.dir/CMakeCCompilerABI.c.o /tmp/ccyJ7q7h.s
GNU assembler version 2.34 (x86_64-linux-gnu) using BFD version (GNU Binutils for Ubuntu) 2.34
COMPILER_PATH=/usr/lib/gcc/x86_64-linux-gnu/9/:/usr/lib/gcc/x86_64-linux-gnu/9/:/usr/lib/gcc/x86_64-linux-gnu/:/usr/lib/gcc/x86_64-linux-gnu/9/:/usr/lib/gcc/x86_64-linux-gnu/
LIBRARY_PATH=/usr/lib/gcc/x86_64-linux-gnu/9/:/usr/lib/gcc/x86_64-linux-gnu/9/../../../x86_64-linux-gnu/:/usr/lib/gcc/x86_64-linux-gnu/9/../../../../lib/:/lib/x86_64-linux-gnu/:/lib/../lib/:/usr/lib/x86_64-linux-gnu/:/usr/lib/../lib/:/usr/lib/gcc/x86_64-linux-gnu/9/../../../:/lib/:/usr/lib/
COLLECT_GCC_OPTIONS='-v' '-o' 'CMakeFiles/cmTC_592cd.dir/CMakeCCompilerABI.c.o' '-c' '-mtune=generic' '-march=x86-64'
Linking C executable cmTC_592cd
/usr/bin/cmake -E cmake_link_script CMakeFiles/cmTC_592cd.dir/link.txt --verbose=1
/usr/bin/cc     -v -rdynamic CMakeFiles/cmTC_592cd.dir/CMakeCCompilerABI.c.o  -o cmTC_592cd 
Using built-in specs.
COLLECT_GCC=/usr/bin/cc
COLLECT_LTO_WRAPPER=/usr/lib/gcc/x86_64-linux-gnu/9/lto-wrapper
OFFLOAD_TARGET_NAMES=nvptx-none:hsa
OFFLOAD_TARGET_DEFAULT=1
Target: x86_64-linux-gnu
Configured with: ../src/configure -v --with-pkgversion='Ubuntu 9.3.0-10ubuntu2' --with-bugurl=file:///usr/share/doc/gcc-9/README.Bugs --enable-languages=c,ada,c++,go,brig,d,fortran,objc,obj-c++,gm2 --prefix=/usr --with-gcc-major-version-only --program-suffix=-9 --program-prefix=x86_64-linux-gnu- --enable-shared --enable-linker-build-id --libexecdir=/usr/lib --without-included-gettext --enable-threads=posix --libdir=/usr/lib --enable-nls --enable-clocale=gnu --enable-libstdcxx-debug --enable-libstdcxx-time=yes --with-default-libstdcxx-abi=new --enable-gnu-unique-object --disable-vtable-verify --enable-plugin --enable-default-pie --with-system-zlib --with-target-system-zlib=auto --enable-objc-gc=auto --enable-multiarch --disable-werror --with-arch-32=i686 --with-abi=m64 --with-multilib-list=m32,m64,mx32 --enable-multilib --with-tune=generic --enable-offload-targets=nvptx-none,hsa --without-cuda-driver --enable-checking=release --build=x86_64-linux-gnu --host=x86_64-linux-gnu --target=x86_64-linux-gnu
Thread model: posix
gcc version 9.3.0 (Ubuntu 9.3.0-10ubuntu2) 
COMPILER_PATH=/usr/lib/gcc/x86_64-linux-gnu/9/:/usr/lib/gcc/x86_64-linux-gnu/9/:/usr/lib/gcc/x86_64-linux-gnu/:/usr/lib/gcc/x86_64-linux-gnu/9/:/usr/lib/gcc/x86_64-linux-gnu/
LIBRARY_PATH=/usr/lib/gcc/x86_64-linux-gnu/9/:/usr/lib/gcc/x86_64-linux-gnu/9/../../../x86_64-linux-gnu/:/usr/lib/gcc/x86_64-linux-gnu/9/../../../../lib/:/lib/x86_64-linux-gnu/:/lib/../lib/:/usr/lib/x86_64-linux-gnu/:/usr/lib/../lib/:/usr/lib/gcc/x86_64-linux-gnu/9/../../../:/lib/:/usr/lib/
COLLECT_GCC_OPTIONS='-v' '-rdynamic' '-o' 'cmTC_592cd' '-mtune=generic' '-march=x86-64'
 /usr/lib/gcc/x86_64-linux-gnu/9/collect2 -plugin /usr/lib/gcc/x86_64-linux-gnu/9/liblto_plugin.so -plugin-opt=/usr/lib/gcc/x86_64-linux-gnu/9/lto-wrapper -plugin-opt=-fresolution=/tmp/ccXoJbZK.res -plugin-opt=-pass-through=-lgcc -plugin-opt=-pass-through=-lgcc_s -plugin-opt=-pass-through=-lc -plugin-opt=-pass-through=-lgcc -plugin-opt=-pass-through=-lgcc_s --build-id --eh-frame-hdr -m elf_x86_64 --hash-style=gnu --as-needed -export-dynamic -dynamic-linker /lib64/ld-linux-x86-64.so.2 -pie -z now -z relro -o cmTC_592cd /usr/lib/gcc/x86_64-linux-gnu/9/../../../x86_64-linux-gnu/Scrt1.o /usr/lib/gcc/x86_64-linux-gnu/9/../../../x86_64-linux-gnu/crti.o /usr/lib/gcc/x86_64-linux-gnu/9/crtbeginS.o -L/usr/lib/gcc/x86_64-linux-gnu/9 -L/usr/lib/gcc/x86_64-linux-gnu/9/../../../x86_64-linux-gnu -L/usr/lib/gcc/x86_64-linux-gnu/9/../../../../lib -L/lib/x86_64-linux-gnu -L/lib/../lib -L/usr/lib/x86_64-linux-gnu -L/usr/lib/../lib -L/usr/lib/gcc/x86_64-linux-gnu/9/../../.. CMakeFiles/cmTC_592cd.dir/CMakeCCompilerABI.c.o -lgcc --push-state --as-needed -lgcc_s --pop-state -lc -lgcc --push-state --as-needed -lgcc_s --pop-state /usr/lib/gcc/x86_64-linux-gnu/9/crtendS.o /usr/lib/gcc/x86_64-linux-gnu/9/../../../x86_64-linux-gnu/crtn.o
COLLECT_GCC_OPTIONS='-v' '-rdynamic' '-o' 'cmTC_592cd' '-mtune=generic' '-march=x86-64'
make[1]: Leaving directory '/mnt/c/Users/Indil/Desktop/RStudioGit/IterativeMethods/build_dir/CMakeFiles/CMakeTmp'



Parsed C implicit include dir info from above output: rv=done
  found start of include info
  found start of implicit include info
    add: [/usr/lib/gcc/x86_64-linux-gnu/9/include]
    add: [/usr/local/include]
    add: [/usr/include/x86_64-linux-gnu]
    add: [/usr/include]
  end of search list found
  collapse include dir [/usr/lib/gcc/x86_64-linux-gnu/9/include] ==> [/usr/lib/gcc/x86_64-linux-gnu/9/include]
  collapse include dir [/usr/local/include] ==> [/usr/local/include]
  collapse include dir [/usr/include/x86_64-linux-gnu] ==> [/usr/include/x86_64-linux-gnu]
  collapse include dir [/usr/include] ==> [/usr/include]
  implicit include dirs: [/usr/lib/gcc/x86_64-linux-gnu/9/include;/usr/local/include;/usr/include/x86_64-linux-gnu;/usr/include]


Parsed C implicit link information from above output:
  link line regex: [^( *|.*[/\])(ld|CMAKE_LINK_STARTFILE-NOTFOUND|([^/\]+-)?ld|collect2)[^/\]*( |$)]
  ignore line: [Change Dir: /mnt/c/Users/Indil/Desktop/RStudioGit/IterativeMethods/build_dir/CMakeFiles/CMakeTmp]
  ignore line: []
  ignore line: [Run Build Command(s):/usr/bin/make cmTC_592cd/fast && /usr/bin/make -f CMakeFiles/cmTC_592cd.dir/build.make CMakeFiles/cmTC_592cd.dir/build]
  ignore line: [make[1]: Entering directory '/mnt/c/Users/Indil/Desktop/RStudioGit/IterativeMethods/build_dir/CMakeFiles/CMakeTmp']
  ignore line: [Building C object CMakeFiles/cmTC_592cd.dir/CMakeCCompilerABI.c.o]
  ignore line: [/usr/bin/cc   -v -o CMakeFiles/cmTC_592cd.dir/CMakeCCompilerABI.c.o   -c /usr/share/cmake-3.16/Modules/CMakeCCompilerABI.c]
  ignore line: [Using built-in specs.]
  ignore line: [COLLECT_GCC=/usr/bin/cc]
  ignore line: [OFFLOAD_TARGET_NAMES=nvptx-none:hsa]
  ignore line: [OFFLOAD_TARGET_DEFAULT=1]
  ignore line: [Target: x86_64-linux-gnu]
  ignore line: [Configured with: ../src/configure -v --with-pkgversion='Ubuntu 9.3.0-10ubuntu2' --with-bugurl=file:///usr/share/doc/gcc-9/README.Bugs --enable-languages=c ada c++ go brig d fortran objc obj-c++ gm2 --prefix=/usr --with-gcc-major-version-only --program-suffix=-9 --program-prefix=x86_64-linux-gnu- --enable-shared --enable-linker-build-id --libexecdir=/usr/lib --without-included-gettext --enable-threads=posix --libdir=/usr/lib --enable-nls --enable-clocale=gnu --enable-libstdcxx-debug --enable-libstdcxx-time=yes --with-default-libstdcxx-abi=new --enable-gnu-unique-object --disable-vtable-verify --enable-plugin --enable-default-pie --with-system-zlib --with-target-system-zlib=auto --enable-objc-gc=auto --enable-multiarch --disable-werror --with-arch-32=i686 --with-abi=m64 --with-multilib-list=m32 m64 mx32 --enable-multilib --with-tune=generic --enable-offload-targets=nvptx-none hsa --without-cuda-driver --enable-checking=release --build=x86_64-linux-gnu --host=x86_64-linux-gnu --target=x86_64-linux-gnu]
  ignore line: [Thread model: posix]
  ignore line: [gcc version 9.3.0 (Ubuntu 9.3.0-10ubuntu2) ]
  ignore line: [COLLECT_GCC_OPTIONS='-v' '-o' 'CMakeFiles/cmTC_592cd.dir/CMakeCCompilerABI.c.o' '-c' '-mtune=generic' '-march=x86-64']
  ignore line: [ /usr/lib/gcc/x86_64-linux-gnu/9/cc1 -quiet -v -imultiarch x86_64-linux-gnu /usr/share/cmake-3.16/Modules/CMakeCCompilerABI.c -quiet -dumpbase CMakeCCompilerABI.c -mtune=generic -march=x86-64 -auxbase-strip CMakeFiles/cmTC_592cd.dir/CMakeCCompilerABI.c.o -version -fasynchronous-unwind-tables -fstack-protector-strong -Wformat -Wformat-security -fstack-clash-protection -fcf-protection -o /tmp/ccyJ7q7h.s]
  ignore line: [GNU C17 (Ubuntu 9.3.0-10ubuntu2) version 9.3.0 (x86_64-linux-gnu)]
  ignore line: [	compiled by GNU C version 9.3.0  GMP version 6.2.0  MPFR version 4.0.2  MPC version 1.1.0  isl version isl-0.22.1-GMP]
  ignore line: []
  ignore line: [GGC heuristics: --param ggc-min-expand=100 --param ggc-min-heapsize=131072]
  ignore line: [ignoring nonexistent directory "/usr/local/include/x86_64-linux-gnu"]
  ignore line: [ignoring nonexistent directory "/usr/lib/gcc/x86_64-linux-gnu/9/include-fixed"]
  ignore line: [ignoring nonexistent directory "/usr/lib/gcc/x86_64-linux-gnu/9/../../../../x86_64-linux-gnu/include"]
  ignore line: [#include "..." search starts here:]
  ignore line: [#include <...> search starts here:]
  ignore line: [ /usr/lib/gcc/x86_64-linux-gnu/9/include]
  ignore line: [ /usr/local/include]
  ignore line: [ /usr/include/x86_64-linux-gnu]
  ignore line: [ /usr/include]
  ignore line: [End of search list.]
  ignore line: [GNU C17 (Ubuntu 9.3.0-10ubuntu2) version 9.3.0 (x86_64-linux-gnu)]
  ignore line: [	compiled by GNU C version 9.3.0  GMP version 6.2.0  MPFR version 4.0.2  MPC version 1.1.0  isl version isl-0.22.1-GMP]
  ignore line: []
  ignore line: [GGC heuristics: --param ggc-min-expand=100 --param ggc-min-heapsize=131072]
  ignore line: [Compiler executable checksum: 18dc4c39b54390aa2b5013fb4339d43f]
  ignore line: [COLLECT_GCC_OPTIONS='-v' '-o' 'CMakeFiles/cmTC_592cd.dir/CMakeCCompilerABI.c.o' '-c' '-mtune=generic' '-march=x86-64']
  ignore line: [ as -v --64 -o CMakeFiles/cmTC_592cd.dir/CMakeCCompilerABI.c.o /tmp/ccyJ7q7h.s]
  ignore line: [GNU assembler version 2.34 (x86_64-linux-gnu) using BFD version (GNU Binutils for Ubuntu) 2.34]
  ignore line: [COMPILER_PATH=/usr/lib/gcc/x86_64-linux-gnu/9/:/usr/lib/gcc/x86_64-linux-gnu/9/:/usr/lib/gcc/x86_64-linux-gnu/:/usr/lib/gcc/x86_64-linux-gnu/9/:/usr/lib/gcc/x86_64-linux-gnu/]
  ignore line: [LIBRARY_PATH=/usr/lib/gcc/x86_64-linux-gnu/9/:/usr/lib/gcc/x86_64-linux-gnu/9/../../../x86_64-linux-gnu/:/usr/lib/gcc/x86_64-linux-gnu/9/../../../../lib/:/lib/x86_64-linux-gnu/:/lib/../lib/:/usr/lib/x86_64-linux-gnu/:/usr/lib/../lib/:/usr/lib/gcc/x86_64-linux-gnu/9/../../../:/lib/:/usr/lib/]
  ignore line: [COLLECT_GCC_OPTIONS='-v' '-o' 'CMakeFiles/cmTC_592cd.dir/CMakeCCompilerABI.c.o' '-c' '-mtune=generic' '-march=x86-64']
  ignore line: [Linking C executable cmTC_592cd]
  ignore line: [/usr/bin/cmake -E cmake_link_script CMakeFiles/cmTC_592cd.dir/link.txt --verbose=1]
  ignore line: [/usr/bin/cc     -v -rdynamic CMakeFiles/cmTC_592cd.dir/CMakeCCompilerABI.c.o  -o cmTC_592cd ]
  ignore line: [Using built-in specs.]
  ignore line: [COLLECT_GCC=/usr/bin/cc]
  ignore line: [COLLECT_LTO_WRAPPER=/usr/lib/gcc/x86_64-linux-gnu/9/lto-wrapper]
  ignore line: [OFFLOAD_TARGET_NAMES=nvptx-none:hsa]
  ignore line: [OFFLOAD_TARGET_DEFAULT=1]
  ignore line: [Target: x86_64-linux-gnu]
  ignore line: [Configured with: ../src/configure -v --with-pkgversion='Ubuntu 9.3.0-10ubuntu2' --with-bugurl=file:///usr/share/doc/gcc-9/README.Bugs --enable-languages=c ada c++ go brig d fortran objc obj-c++ gm2 --prefix=/usr --with-gcc-major-version-only --program-suffix=-9 --program-prefix=x86_64-linux-gnu- --enable-shared --enable-linker-build-id --libexecdir=/usr/lib --without-included-gettext --enable-threads=posix --libdir=/usr/lib --enable-nls --enable-clocale=gnu --enable-libstdcxx-debug --enable-libstdcxx-time=yes --with-default-libstdcxx-abi=new --enable-gnu-unique-object --disable-vtable-verify --enable-plugin --enable-default-pie --with-system-zlib --with-target-system-zlib=auto --enable-objc-gc=auto --enable-multiarch --disable-werror --with-arch-32=i686 --with-abi=m64 --with-multilib-list=m32 m64 mx32 --enable-multilib --with-tune=generic --enable-offload-targets=nvptx-none hsa --without-cuda-driver --enable-checking=release --build=x86_64-linux-gnu --host=x86_64-linux-gnu --target=x86_64-linux-gnu]
  ignore line: [Thread model: posix]
  ignore line: [gcc version 9.3.0 (Ubuntu 9.3.0-10ubuntu2) ]
  ignore line: [COMPILER_PATH=/usr/lib/gcc/x86_64-linux-gnu/9/:/usr/lib/gcc/x86_64-linux-gnu/9/:/usr/lib/gcc/x86_64-linux-gnu/:/usr/lib/gcc/x86_64-linux-gnu/9/:/usr/lib/gcc/x86_64-linux-gnu/]
  ignore line: [LIBRARY_PATH=/usr/lib/gcc/x86_64-linux-gnu/9/:/usr/lib/gcc/x86_64-linux-gnu/9/../../../x86_64-linux-gnu/:/usr/lib/gcc/x86_64-linux-gnu/9/../../../../lib/:/lib/x86_64-linux-gnu/:/lib/../lib/:/usr/lib/x86_64-linux-gnu/:/usr/lib/../lib/:/usr/lib/gcc/x86_64-linux-gnu/9/../../../:/lib/:/usr/lib/]
  ignore line: [COLLECT_GCC_OPTIONS='-v' '-rdynamic' '-o' 'cmTC_592cd' '-mtune=generic' '-march=x86-64']
  link line: [ /usr/lib/gcc/x86_64-linux-gnu/9/collect2 -plugin /usr/lib/gcc/x86_64-linux-gnu/9/liblto_plugin.so -plugin-opt=/usr/lib/gcc/x86_64-linux-gnu/9/lto-wrapper -plugin-opt=-fresolution=/tmp/ccXoJbZK.res -plugin-opt=-pass-through=-lgcc -plugin-opt=-pass-through=-lgcc_s -plugin-opt=-pass-through=-lc -plugin-opt=-pass-through=-lgcc -plugin-opt=-pass-through=-lgcc_s --build-id --eh-frame-hdr -m elf_x86_64 --hash-style=gnu --as-needed -export-dynamic -dynamic-linker /lib64/ld-linux-x86-64.so.2 -pie -z now -z relro -o cmTC_592cd /usr/lib/gcc/x86_64-linux-gnu/9/../../../x86_64-linux-gnu/Scrt1.o /usr/lib/gcc/x86_64-linux-gnu/9/../../../x86_64-linux-gnu/crti.o /usr/lib/gcc/x86_64-linux-gnu/9/crtbeginS.o -L/usr/lib/gcc/x86_64-linux-gnu/9 -L/usr/lib/gcc/x86_64-linux-gnu/9/../../../x86_64-linux-gnu -L/usr/lib/gcc/x86_64-linux-gnu/9/../../../../lib -L/lib/x86_64-linux-gnu -L/lib/../lib -L/usr/lib/x86_64-linux-gnu -L/usr/lib/../lib -L/usr/lib/gcc/x86_64-linux-gnu/9/../../.. CMakeFiles/cmTC_592cd.dir/CMakeCCompilerABI.c.o -lgcc --push-state --as-needed -lgcc_s --pop-state -lc -lgcc --push-state --as-needed -lgcc_s --pop-state /usr/lib/gcc/x86_64-linux-gnu/9/crtendS.o /usr/lib/gcc/x86_64-linux-gnu/9/../../../x86_64-linux-gnu/crtn.o]
    arg [/usr/lib/gcc/x86_64-linux-gnu/9/collect2] ==> ignore
    arg [-plugin] ==> ignore
    arg [/usr/lib/gcc/x86_64-linux-gnu/9/liblto_plugin.so] ==> ignore
    arg [-plugin-opt=/usr/lib/gcc/x86_64-linux-gnu/9/lto-wrapper] ==> ignore
    arg [-plugin-opt=-fresolution=/tmp/ccXoJbZK.res] ==> ignore
    arg [-plugin-opt=-pass-through=-lgcc] ==> ignore
    arg [-plugin-opt=-pass-through=-lgcc_s] ==> ignore
    arg [-plugin-opt=-pass-through=-lc] ==> ignore
    arg [-plugin-opt=-pass-through=-lgcc] ==> ignore
    arg [-plugin-opt=-pass-through=-lgcc_s] ==> ignore
    arg [--build-id] ==> ignore
    arg [--eh-frame-hdr] ==> ignore
    arg [-m] ==> ignore
    arg [elf_x86_64] ==> ignore
    arg [--hash-style=gnu] ==> ignore
    arg [--as-needed] ==> ignore
    arg [-export-dynamic] ==> ignore
    arg [-dynamic-linker] ==> ignore
    arg [/lib64/ld-linux-x86-64.so.2] ==> ignore
    arg [-pie] ==> ignore
    arg [-znow] ==> ignore
    arg [-zrelro] ==> ignore
    arg [-o] ==> ignore
    arg [cmTC_592cd] ==> ignore
    arg [/usr/lib/gcc/x86_64-linux-gnu/9/../../../x86_64-linux-gnu/Scrt1.o] ==> ignore
    arg [/usr/lib/gcc/x86_64-linux-gnu/9/../../../x86_64-linux-gnu/crti.o] ==> ignore
    arg [/usr/lib/gcc/x86_64-linux-gnu/9/crtbeginS.o] ==> ignore
    arg [-L/usr/lib/gcc/x86_64-linux-gnu/9] ==> dir [/usr/lib/gcc/x86_64-linux-gnu/9]
    arg [-L/usr/lib/gcc/x86_64-linux-gnu/9/../../../x86_64-linux-gnu] ==> dir [/usr/lib/gcc/x86_64-linux-gnu/9/../../../x86_64-linux-gnu]
    arg [-L/usr/lib/gcc/x86_64-linux-gnu/9/../../../../lib] ==> dir [/usr/lib/gcc/x86_64-linux-gnu/9/../../../../lib]
    arg [-L/lib/x86_64-linux-gnu] ==> dir [/lib/x86_64-linux-gnu]
    arg [-L/lib/../lib] ==> dir [/lib/../lib]
    arg [-L/usr/lib/x86_64-linux-gnu] ==> dir [/usr/lib/x86_64-linux-gnu]
    arg [-L/usr/lib/../lib] ==> dir [/usr/lib/../lib]
    arg [-L/usr/lib/gcc/x86_64-linux-gnu/9/../../..] ==> dir [/usr/lib/gcc/x86_64-linux-gnu/9/../../..]
    arg [CMakeFiles/cmTC_592cd.dir/CMakeCCompilerABI.c.o] ==> ignore
    arg [-lgcc] ==> lib [gcc]
    arg [--push-state] ==> ignore
    arg [--as-needed] ==> ignore
    arg [-lgcc_s] ==> lib [gcc_s]
    arg [--pop-state] ==> ignore
    arg [-lc] ==> lib [c]
    arg [-lgcc] ==> lib [gcc]
    arg [--push-state] ==> ignore
    arg [--as-needed] ==> ignore
    arg [-lgcc_s] ==> lib [gcc_s]
    arg [--pop-state] ==> ignore
    arg [/usr/lib/gcc/x86_64-linux-gnu/9/crtendS.o] ==> ignore
    arg [/usr/lib/gcc/x86_64-linux-gnu/9/../../../x86_64-linux-gnu/crtn.o] ==> ignore
  collapse library dir [/usr/lib/gcc/x86_64-linux-gnu/9] ==> [/usr/lib/gcc/x86_64-linux-gnu/9]
  collapse library dir [/usr/lib/gcc/x86_64-linux-gnu/9/../../../x86_64-linux-gnu] ==> [/usr/lib/x86_64-linux-gnu]
  collapse library dir [/usr/lib/gcc/x86_64-linux-gnu/9/../../../../lib] ==> [/usr/lib]
  collapse library dir [/lib/x86_64-linux-gnu] ==> [/lib/x86_64-linux-gnu]
  collapse library dir [/lib/../lib] ==> [/lib]
  collapse library dir [/usr/lib/x86_64-linux-gnu] ==> [/usr/lib/x86_64-linux-gnu]
  collapse library dir [/usr/lib/../lib] ==> [/usr/lib]
  collapse library dir [/usr/lib/gcc/x86_64-linux-gnu/9/../../..] ==> [/usr/lib]
  implicit libs: [gcc;gcc_s;c;gcc;gcc_s]
  implicit dirs: [/usr/lib/gcc/x86_64-linux-gnu/9;/usr/lib/x86_64-linux-gnu;/usr/lib;/lib/x86_64-linux-gnu;/lib]
  implicit fwks: []


Determining if the CXX compiler works passed with the following output:
Change Dir: /mnt/c/Users/Indil/Desktop/RStudioGit/IterativeMethods/build_dir/CMakeFiles/CMakeTmp

Run Build Command(s):/usr/bin/make cmTC_6225e/fast && /usr/bin/make -f CMakeFiles/cmTC_6225e.dir/build.make CMakeFiles/cmTC_6225e.dir/build
make[1]: Entering directory '/mnt/c/Users/Indil/Desktop/RStudioGit/IterativeMethods/build_dir/CMakeFiles/CMakeTmp'
Building CXX object CMakeFiles/cmTC_6225e.dir/testCXXCompiler.cxx.o
/usr/bin/c++     -o CMakeFiles/cmTC_6225e.dir/testCXXCompiler.cxx.o -c /mnt/c/Users/Indil/Desktop/RStudioGit/IterativeMethods/build_dir/CMakeFiles/CMakeTmp/testCXXCompiler.cxx
Linking CXX executable cmTC_6225e
/usr/bin/cmake -E cmake_link_script CMakeFiles/cmTC_6225e.dir/link.txt --verbose=1
/usr/bin/c++       -rdynamic CMakeFiles/cmTC_6225e.dir/testCXXCompiler.cxx.o  -o cmTC_6225e 
make[1]: Leaving directory '/mnt/c/Users/Indil/Desktop/RStudioGit/IterativeMethods/build_dir/CMakeFiles/CMakeTmp'



Detecting CXX compiler ABI info compiled with the following output:
Change Dir: /mnt/c/Users/Indil/Desktop/RStudioGit/IterativeMethods/build_dir/CMakeFiles/CMakeTmp

Run Build Command(s):/usr/bin/make cmTC_4968d/fast && /usr/bin/make -f CMakeFiles/cmTC_4968d.dir/build.make CMakeFiles/cmTC_4968d.dir/build
make[1]: Entering directory '/mnt/c/Users/Indil/Desktop/RStudioGit/IterativeMethods/build_dir/CMakeFiles/CMakeTmp'
Building CXX object CMakeFiles/cmTC_4968d.dir/CMakeCXXCompilerABI.cpp.o
/usr/bin/c++    -v -o CMakeFiles/cmTC_4968d.dir/CMakeCXXCompilerABI.cpp.o -c /usr/share/cmake-3.16/Modules/CMakeCXXCompilerABI.cpp
Using built-in specs.
COLLECT_GCC=/usr/bin/c++
OFFLOAD_TARGET_NAMES=nvptx-none:hsa
OFFLOAD_TARGET_DEFAULT=1
Target: x86_64-linux-gnu
Configured with: ../src/configure -v --with-pkgversion='Ubuntu 9.3.0-10ubuntu2' --with-bugurl=file:///usr/share/doc/gcc-9/README.Bugs --enable-languages=c,ada,c++,go,brig,d,fortran,objc,obj-c++,gm2 --prefix=/usr --with-gcc-major-version-only --program-suffix=-9 --program-prefix=x86_64-linux-gnu- --enable-shared --enable-linker-build-id --libexecdir=/usr/lib --without-included-gettext --enable-threads=posix --libdir=/usr/lib --enable-nls --enable-clocale=gnu --enable-libstdcxx-debug --enable-libstdcxx-time=yes --with-default-libstdcxx-abi=new --enable-gnu-unique-object --disable-vtable-verify --enable-plugin --enable-default-pie --with-system-zlib --with-target-system-zlib=auto --enable-objc-gc=auto --enable-multiarch --disable-werror --with-arch-32=i686 --with-abi=m64 --with-multilib-list=m32,m64,mx32 --enable-multilib --with-tune=generic --enable-offload-targets=nvptx-none,hsa --without-cuda-driver --enable-checking=release --build=x86_64-linux-gnu --host=x86_64-linux-gnu --target=x86_64-linux-gnu
Thread model: posix
gcc version 9.3.0 (Ubuntu 9.3.0-10ubuntu2) 
COLLECT_GCC_OPTIONS='-v' '-o' 'CMakeFiles/cmTC_4968d.dir/CMakeCXXCompilerABI.cpp.o' '-c' '-shared-libgcc' '-mtune=generic' '-march=x86-64'
 /usr/lib/gcc/x86_64-linux-gnu/9/cc1plus -quiet -v -imultiarch x86_64-linux-gnu -D_GNU_SOURCE /usr/share/cmake-3.16/Modules/CMakeCXXCompilerABI.cpp -quiet -dumpbase CMakeCXXCompilerABI.cpp -mtune=generic -march=x86-64 -auxbase-strip CMakeFiles/cmTC_4968d.dir/CMakeCXXCompilerABI.cpp.o -version -fasynchronous-unwind-tables -fstack-protector-strong -Wformat -Wformat-security -fstack-clash-protection -fcf-protection -o /tmp/ccExUKui.s
GNU C++14 (Ubuntu 9.3.0-10ubuntu2) version 9.3.0 (x86_64-linux-gnu)
	compiled by GNU C version 9.3.0, GMP version 6.2.0, MPFR version 4.0.2, MPC version 1.1.0, isl version isl-0.22.1-GMP

GGC heuristics: --param ggc-min-expand=100 --param ggc-min-heapsize=131072
ignoring duplicate directory "/usr/include/x86_64-linux-gnu/c++/9"
ignoring nonexistent directory "/usr/local/include/x86_64-linux-gnu"
ignoring nonexistent directory "/usr/lib/gcc/x86_64-linux-gnu/9/include-fixed"
ignoring nonexistent directory "/usr/lib/gcc/x86_64-linux-gnu/9/../../../../x86_64-linux-gnu/include"
#include "..." search starts here:
#include <...> search starts here:
 /usr/include/c++/9
 /usr/include/x86_64-linux-gnu/c++/9
 /usr/include/c++/9/backward
 /usr/lib/gcc/x86_64-linux-gnu/9/include
 /usr/local/include
 /usr/include/x86_64-linux-gnu
 /usr/include
End of search list.
GNU C++14 (Ubuntu 9.3.0-10ubuntu2) version 9.3.0 (x86_64-linux-gnu)
	compiled by GNU C version 9.3.0, GMP version 6.2.0, MPFR version 4.0.2, MPC version 1.1.0, isl version isl-0.22.1-GMP

GGC heuristics: --param ggc-min-expand=100 --param ggc-min-heapsize=131072
Compiler executable checksum: a3d04a02fbd98a786d710618ca593f02
COLLECT_GCC_OPTIONS='-v' '-o' 'CMakeFiles/cmTC_4968d.dir/CMakeCXXCompilerABI.cpp.o' '-c' '-shared-libgcc' '-mtune=generic' '-march=x86-64'
 as -v --64 -o CMakeFiles/cmTC_4968d.dir/CMakeCXXCompilerABI.cpp.o /tmp/ccExUKui.s
GNU assembler version 2.34 (x86_64-linux-gnu) using BFD version (GNU Binutils for Ubuntu) 2.34
COMPILER_PATH=/usr/lib/gcc/x86_64-linux-gnu/9/:/usr/lib/gcc/x86_64-linux-gnu/9/:/usr/lib/gcc/x86_64-linux-gnu/:/usr/lib/gcc/x86_64-linux-gnu/9/:/usr/lib/gcc/x86_64-linux-gnu/
LIBRARY_PATH=/usr/lib/gcc/x86_64-linux-gnu/9/:/usr/lib/gcc/x86_64-linux-gnu/9/../../../x86_64-linux-gnu/:/usr/lib/gcc/x86_64-linux-gnu/9/../../../../lib/:/lib/x86_64-linux-gnu/:/lib/../lib/:/usr/lib/x86_64-linux-gnu/:/usr/lib/../lib/:/usr/lib/gcc/x86_64-linux-gnu/9/../../../:/lib/:/usr/lib/
COLLECT_GCC_OPTIONS='-v' '-o' 'CMakeFiles/cmTC_4968d.dir/CMakeCXXCompilerABI.cpp.o' '-c' '-shared-libgcc' '-mtune=generic' '-march=x86-64'
Linking CXX executable cmTC_4968d
/usr/bin/cmake -E cmake_link_script CMakeFiles/cmTC_4968d.dir/link.txt --verbose=1
/usr/bin/c++      -v -rdynamic CMakeFiles/cmTC_4968d.dir/CMakeCXXCompilerABI.cpp.o  -o cmTC_4968d 
Using built-in specs.
COLLECT_GCC=/usr/bin/c++
COLLECT_LTO_WRAPPER=/usr/lib/gcc/x86_64-linux-gnu/9/lto-wrapper
OFFLOAD_TARGET_NAMES=nvptx-none:hsa
OFFLOAD_TARGET_DEFAULT=1
Target: x86_64-linux-gnu
Configured with: ../src/configure -v --with-pkgversion='Ubuntu 9.3.0-10ubuntu2' --with-bugurl=file:///usr/share/doc/gcc-9/README.Bugs --enable-languages=c,ada,c++,go,brig,d,fortran,objc,obj-c++,gm2 --prefix=/usr --with-gcc-major-version-only --program-suffix=-9 --program-prefix=x86_64-linux-gnu- --enable-shared --enable-linker-build-id --libexecdir=/usr/lib --without-included-gettext --enable-threads=posix --libdir=/usr/lib --enable-nls --enable-clocale=gnu --enable-libstdcxx-debug --enable-libstdcxx-time=yes --with-default-libstdcxx-abi=new --enable-gnu-unique-object --disable-vtable-verify --enable-plugin --enable-default-pie --with-system-zlib --with-target-system-zlib=auto --enable-objc-gc=auto --enable-multiarch --disable-werror --with-arch-32=i686 --with-abi=m64 --with-multilib-list=m32,m64,mx32 --enable-multilib --with-tune=generic --enable-offload-targets=nvptx-none,hsa --without-cuda-driver --enable-checking=release --build=x86_64-linux-gnu --host=x86_64-linux-gnu --target=x86_64-linux-gnu
Thread model: posix
gcc version 9.3.0 (Ubuntu 9.3.0-10ubuntu2) 
COMPILER_PATH=/usr/lib/gcc/x86_64-linux-gnu/9/:/usr/lib/gcc/x86_64-linux-gnu/9/:/usr/lib/gcc/x86_64-linux-gnu/:/usr/lib/gcc/x86_64-linux-gnu/9/:/usr/lib/gcc/x86_64-linux-gnu/
LIBRARY_PATH=/usr/lib/gcc/x86_64-linux-gnu/9/:/usr/lib/gcc/x86_64-linux-gnu/9/../../../x86_64-linux-gnu/:/usr/lib/gcc/x86_64-linux-gnu/9/../../../../lib/:/lib/x86_64-linux-gnu/:/lib/../lib/:/usr/lib/x86_64-linux-gnu/:/usr/lib/../lib/:/usr/lib/gcc/x86_64-linux-gnu/9/../../../:/lib/:/usr/lib/
COLLECT_GCC_OPTIONS='-v' '-rdynamic' '-o' 'cmTC_4968d' '-shared-libgcc' '-mtune=generic' '-march=x86-64'
 /usr/lib/gcc/x86_64-linux-gnu/9/collect2 -plugin /usr/lib/gcc/x86_64-linux-gnu/9/liblto_plugin.so -plugin-opt=/usr/lib/gcc/x86_64-linux-gnu/9/lto-wrapper -plugin-opt=-fresolution=/tmp/ccYMW0IK.res -plugin-opt=-pass-through=-lgcc_s -plugin-opt=-pass-through=-lgcc -plugin-opt=-pass-through=-lc -plugin-opt=-pass-through=-lgcc_s -plugin-opt=-pass-through=-lgcc --build-id --eh-frame-hdr -m elf_x86_64 --hash-style=gnu --as-needed -export-dynamic -dynamic-linker /lib64/ld-linux-x86-64.so.2 -pie -z now -z relro -o cmTC_4968d /usr/lib/gcc/x86_64-linux-gnu/9/../../../x86_64-linux-gnu/Scrt1.o /usr/lib/gcc/x86_64-linux-gnu/9/../../../x86_64-linux-gnu/crti.o /usr/lib/gcc/x86_64-linux-gnu/9/crtbeginS.o -L/usr/lib/gcc/x86_64-linux-gnu/9 -L/usr/lib/gcc/x86_64-linux-gnu/9/../../../x86_64-linux-gnu -L/usr/lib/gcc/x86_64-linux-gnu/9/../../../../lib -L/lib/x86_64-linux-gnu -L/lib/../lib -L/usr/lib/x86_64-linux-gnu -L/usr/lib/../lib -L/usr/lib/gcc/x86_64-linux-gnu/9/../../.. CMakeFiles/cmTC_4968d.dir/CMakeCXXCompilerABI.cpp.o -lstdc++ -lm -lgcc_s -lgcc -lc -lgcc_s -lgcc /usr/lib/gcc/x86_64-linux-gnu/9/crtendS.o /usr/lib/gcc/x86_64-linux-gnu/9/../../../x86_64-linux-gnu/crtn.o
COLLECT_GCC_OPTIONS='-v' '-rdynamic' '-o' 'cmTC_4968d' '-shared-libgcc' '-mtune=generic' '-march=x86-64'
make[1]: Leaving directory '/mnt/c/Users/Indil/Desktop/RStudioGit/IterativeMethods/build_dir/CMakeFiles/CMakeTmp'



Parsed CXX implicit include dir info from above output: rv=done
  found start of include info
  found start of implicit include info
    add: [/usr/include/c++/9]
    add: [/usr/include/x86_64-linux-gnu/c++/9]
    add: [/usr/include/c++/9/backward]
    add: [/usr/lib/gcc/x86_64-linux-gnu/9/include]
    add: [/usr/local/include]
    add: [/usr/include/x86_64-linux-gnu]
    add: [/usr/include]
  end of search list found
  collapse include dir [/usr/include/c++/9] ==> [/usr/include/c++/9]
  collapse include dir [/usr/include/x86_64-linux-gnu/c++/9] ==> [/usr/include/x86_64-linux-gnu/c++/9]
  collapse include dir [/usr/include/c++/9/backward] ==> [/usr/include/c++/9/backward]
  collapse include dir [/usr/lib/gcc/x86_64-linux-gnu/9/include] ==> [/usr/lib/gcc/x86_64-linux-gnu/9/include]
  collapse include dir [/usr/local/include] ==> [/usr/local/include]
  collapse include dir [/usr/include/x86_64-linux-gnu] ==> [/usr/include/x86_64-linux-gnu]
  collapse include dir [/usr/include] ==> [/usr/include]
  implicit include dirs: [/usr/include/c++/9;/usr/include/x86_64-linux-gnu/c++/9;/usr/include/c++/9/backward;/usr/lib/gcc/x86_64-linux-gnu/9/include;/usr/local/include;/usr/include/x86_64-linux-gnu;/usr/include]


Parsed CXX implicit link information from above output:
  link line regex: [^( *|.*[/\])(ld|CMAKE_LINK_STARTFILE-NOTFOUND|([^/\]+-)?ld|collect2)[^/\]*( |$)]
  ignore line: [Change Dir: /mnt/c/Users/Indil/Desktop/RStudioGit/IterativeMethods/build_dir/CMakeFiles/CMakeTmp]
  ignore line: []
  ignore line: [Run Build Command(s):/usr/bin/make cmTC_4968d/fast && /usr/bin/make -f CMakeFiles/cmTC_4968d.dir/build.make CMakeFiles/cmTC_4968d.dir/build]
  ignore line: [make[1]: Entering directory '/mnt/c/Users/Indil/Desktop/RStudioGit/IterativeMethods/build_dir/CMakeFiles/CMakeTmp']
  ignore line: [Building CXX object CMakeFiles/cmTC_4968d.dir/CMakeCXXCompilerABI.cpp.o]
  ignore line: [/usr/bin/c++    -v -o CMakeFiles/cmTC_4968d.dir/CMakeCXXCompilerABI.cpp.o -c /usr/share/cmake-3.16/Modules/CMakeCXXCompilerABI.cpp]
  ignore line: [Using built-in specs.]
  ignore line: [COLLECT_GCC=/usr/bin/c++]
  ignore line: [OFFLOAD_TARGET_NAMES=nvptx-none:hsa]
  ignore line: [OFFLOAD_TARGET_DEFAULT=1]
  ignore line: [Target: x86_64-linux-gnu]
  ignore line: [Configured with: ../src/configure -v --with-pkgversion='Ubuntu 9.3.0-10ubuntu2' --with-bugurl=file:///usr/share/doc/gcc-9/README.Bugs --enable-languages=c ada c++ go brig d fortran objc obj-c++ gm2 --prefix=/usr --with-gcc-major-version-only --program-suffix=-9 --program-prefix=x86_64-linux-gnu- --enable-shared --enable-linker-build-id --libexecdir=/usr/lib --without-included-gettext --enable-threads=posix --libdir=/usr/lib --enable-nls --enable-clocale=gnu --enable-libstdcxx-debug --enable-libstdcxx-time=yes --with-default-libstdcxx-abi=new --enable-gnu-unique-object --disable-vtable-verify --enable-plugin --enable-default-pie --with-system-zlib --with-target-system-zlib=auto --enable-objc-gc=auto --enable-multiarch --disable-werror --with-arch-32=i686 --with-abi=m64 --with-multilib-list=m32 m64 mx32 --enable-multilib --with-tune=generic --enable-offload-targets=nvptx-none hsa --without-cuda-driver --enable-checking=release --build=x86_64-linux-gnu --host=x86_64-linux-gnu --target=x86_64-linux-gnu]
  ignore line: [Thread model: posix]
  ignore line: [gcc version 9.3.0 (Ubuntu 9.3.0-10ubuntu2) ]
  ignore line: [COLLECT_GCC_OPTIONS='-v' '-o' 'CMakeFiles/cmTC_4968d.dir/CMakeCXXCompilerABI.cpp.o' '-c' '-shared-libgcc' '-mtune=generic' '-march=x86-64']
  ignore line: [ /usr/lib/gcc/x86_64-linux-gnu/9/cc1plus -quiet -v -imultiarch x86_64-linux-gnu -D_GNU_SOURCE /usr/share/cmake-3.16/Modules/CMakeCXXCompilerABI.cpp -quiet -dumpbase CMakeCXXCompilerABI.cpp -mtune=generic -march=x86-64 -auxbase-strip CMakeFiles/cmTC_4968d.dir/CMakeCXXCompilerABI.cpp.o -version -fasynchronous-unwind-tables -fstack-protector-strong -Wformat -Wformat-security -fstack-clash-protection -fcf-protection -o /tmp/ccExUKui.s]
  ignore line: [GNU C++14 (Ubuntu 9.3.0-10ubuntu2) version 9.3.0 (x86_64-linux-gnu)]
  ignore line: [	compiled by GNU C version 9.3.0  GMP version 6.2.0  MPFR version 4.0.2  MPC version 1.1.0  isl version isl-0.22.1-GMP]
  ignore line: []
  ignore line: [GGC heuristics: --param ggc-min-expand=100 --param ggc-min-heapsize=131072]
  ignore line: [ignoring duplicate directory "/usr/include/x86_64-linux-gnu/c++/9"]
  ignore line: [ignoring nonexistent directory "/usr/local/include/x86_64-linux-gnu"]
  ignore line: [ignoring nonexistent directory "/usr/lib/gcc/x86_64-linux-gnu/9/include-fixed"]
  ignore line: [ignoring nonexistent directory "/usr/lib/gcc/x86_64-linux-gnu/9/../../../../x86_64-linux-gnu/include"]
  ignore line: [#include "..." search starts here:]
  ignore line: [#include <...> search starts here:]
  ignore line: [ /usr/include/c++/9]
  ignore line: [ /usr/include/x86_64-linux-gnu/c++/9]
  ignore line: [ /usr/include/c++/9/backward]
  ignore line: [ /usr/lib/gcc/x86_64-linux-gnu/9/include]
  ignore line: [ /usr/local/include]
  ignore line: [ /usr/include/x86_64-linux-gnu]
  ignore line: [ /usr/include]
  ignore line: [End of search list.]
  ignore line: [GNU C++14 (Ubuntu 9.3.0-10ubuntu2) version 9.3.0 (x86_64-linux-gnu)]
  ignore line: [	compiled by GNU C version 9.3.0  GMP version 6.2.0  MPFR version 4.0.2  MPC version 1.1.0  isl version isl-0.22.1-GMP]
  ignore line: []
  ignore line: [GGC heuristics: --param ggc-min-expand=100 --param ggc-min-heapsize=131072]
  ignore line: [Compiler executable checksum: a3d04a02fbd98a786d710618ca593f02]
  ignore line: [COLLECT_GCC_OPTIONS='-v' '-o' 'CMakeFiles/cmTC_4968d.dir/CMakeCXXCompilerABI.cpp.o' '-c' '-shared-libgcc' '-mtune=generic' '-march=x86-64']
  ignore line: [ as -v --64 -o CMakeFiles/cmTC_4968d.dir/CMakeCXXCompilerABI.cpp.o /tmp/ccExUKui.s]
  ignore line: [GNU assembler version 2.34 (x86_64-linux-gnu) using BFD version (GNU Binutils for Ubuntu) 2.34]
  ignore line: [COMPILER_PATH=/usr/lib/gcc/x86_64-linux-gnu/9/:/usr/lib/gcc/x86_64-linux-gnu/9/:/usr/lib/gcc/x86_64-linux-gnu/:/usr/lib/gcc/x86_64-linux-gnu/9/:/usr/lib/gcc/x86_64-linux-gnu/]
  ignore line: [LIBRARY_PATH=/usr/lib/gcc/x86_64-linux-gnu/9/:/usr/lib/gcc/x86_64-linux-gnu/9/../../../x86_64-linux-gnu/:/usr/lib/gcc/x86_64-linux-gnu/9/../../../../lib/:/lib/x86_64-linux-gnu/:/lib/../lib/:/usr/lib/x86_64-linux-gnu/:/usr/lib/../lib/:/usr/lib/gcc/x86_64-linux-gnu/9/../../../:/lib/:/usr/lib/]
  ignore line: [COLLECT_GCC_OPTIONS='-v' '-o' 'CMakeFiles/cmTC_4968d.dir/CMakeCXXCompilerABI.cpp.o' '-c' '-shared-libgcc' '-mtune=generic' '-march=x86-64']
  ignore line: [Linking CXX executable cmTC_4968d]
  ignore line: [/usr/bin/cmake -E cmake_link_script CMakeFiles/cmTC_4968d.dir/link.txt --verbose=1]
  ignore line: [/usr/bin/c++      -v -rdynamic CMakeFiles/cmTC_4968d.dir/CMakeCXXCompilerABI.cpp.o  -o cmTC_4968d ]
  ignore line: [Using built-in specs.]
  ignore line: [COLLECT_GCC=/usr/bin/c++]
  ignore line: [COLLECT_LTO_WRAPPER=/usr/lib/gcc/x86_64-linux-gnu/9/lto-wrapper]
  ignore line: [OFFLOAD_TARGET_NAMES=nvptx-none:hsa]
  ignore line: [OFFLOAD_TARGET_DEFAULT=1]
  ignore line: [Target: x86_64-linux-gnu]
  ignore line: [Configured with: ../src/configure -v --with-pkgversion='Ubuntu 9.3.0-10ubuntu2' --with-bugurl=file:///usr/share/doc/gcc-9/README.Bugs --enable-languages=c ada c++ go brig d fortran objc obj-c++ gm2 --prefix=/usr --with-gcc-major-version-only --program-suffix=-9 --program-prefix=x86_64-linux-gnu- --enable-shared --enable-linker-build-id --libexecdir=/usr/lib --without-included-gettext --enable-threads=posix --libdir=/usr/lib --enable-nls --enable-clocale=gnu --enable-libstdcxx-debug --enable-libstdcxx-time=yes --with-default-libstdcxx-abi=new --enable-gnu-unique-object --disable-vtable-verify --enable-plugin --enable-default-pie --with-system-zlib --with-target-system-zlib=auto --enable-objc-gc=auto --enable-multiarch --disable-werror --with-arch-32=i686 --with-abi=m64 --with-multilib-list=m32 m64 mx32 --enable-multilib --with-tune=generic --enable-offload-targets=nvptx-none hsa --without-cuda-driver --enable-checking=release --build=x86_64-linux-gnu --host=x86_64-linux-gnu --target=x86_64-linux-gnu]
  ignore line: [Thread model: posix]
  ignore line: [gcc version 9.3.0 (Ubuntu 9.3.0-10ubuntu2) ]
  ignore line: [COMPILER_PATH=/usr/lib/gcc/x86_64-linux-gnu/9/:/usr/lib/gcc/x86_64-linux-gnu/9/:/usr/lib/gcc/x86_64-linux-gnu/:/usr/lib/gcc/x86_64-linux-gnu/9/:/usr/lib/gcc/x86_64-linux-gnu/]
  ignore line: [LIBRARY_PATH=/usr/lib/gcc/x86_64-linux-gnu/9/:/usr/lib/gcc/x86_64-linux-gnu/9/../../../x86_64-linux-gnu/:/usr/lib/gcc/x86_64-linux-gnu/9/../../../../lib/:/lib/x86_64-linux-gnu/:/lib/../lib/:/usr/lib/x86_64-linux-gnu/:/usr/lib/../lib/:/usr/lib/gcc/x86_64-linux-gnu/9/../../../:/lib/:/usr/lib/]
  ignore line: [COLLECT_GCC_OPTIONS='-v' '-rdynamic' '-o' 'cmTC_4968d' '-shared-libgcc' '-mtune=generic' '-march=x86-64']
  link line: [ /usr/lib/gcc/x86_64-linux-gnu/9/collect2 -plugin /usr/lib/gcc/x86_64-linux-gnu/9/liblto_plugin.so -plugin-opt=/usr/lib/gcc/x86_64-linux-gnu/9/lto-wrapper -plugin-opt=-fresolution=/tmp/ccYMW0IK.res -plugin-opt=-pass-through=-lgcc_s -plugin-opt=-pass-through=-lgcc -plugin-opt=-pass-through=-lc -plugin-opt=-pass-through=-lgcc_s -plugin-opt=-pass-through=-lgcc --build-id --eh-frame-hdr -m elf_x86_64 --hash-style=gnu --as-needed -export-dynamic -dynamic-linker /lib64/ld-linux-x86-64.so.2 -pie -z now -z relro -o cmTC_4968d /usr/lib/gcc/x86_64-linux-gnu/9/../../../x86_64-linux-gnu/Scrt1.o /usr/lib/gcc/x86_64-linux-gnu/9/../../../x86_64-linux-gnu/crti.o /usr/lib/gcc/x86_64-linux-gnu/9/crtbeginS.o -L/usr/lib/gcc/x86_64-linux-gnu/9 -L/usr/lib/gcc/x86_64-linux-gnu/9/../../../x86_64-linux-gnu -L/usr/lib/gcc/x86_64-linux-gnu/9/../../../../lib -L/lib/x86_64-linux-gnu -L/lib/../lib -L/usr/lib/x86_64-linux-gnu -L/usr/lib/../lib -L/usr/lib/gcc/x86_64-linux-gnu/9/../../.. CMakeFiles/cmTC_4968d.dir/CMakeCXXCompilerABI.cpp.o -lstdc++ -lm -lgcc_s -lgcc -lc -lgcc_s -lgcc /usr/lib/gcc/x86_64-linux-gnu/9/crtendS.o /usr/lib/gcc/x86_64-linux-gnu/9/../../../x86_64-linux-gnu/crtn.o]
    arg [/usr/lib/gcc/x86_64-linux-gnu/9/collect2] ==> ignore
    arg [-plugin] ==> ignore
    arg [/usr/lib/gcc/x86_64-linux-gnu/9/liblto_plugin.so] ==> ignore
    arg [-plugin-opt=/usr/lib/gcc/x86_64-linux-gnu/9/lto-wrapper] ==> ignore
    arg [-plugin-opt=-fresolution=/tmp/ccYMW0IK.res] ==> ignore
    arg [-plugin-opt=-pass-through=-lgcc_s] ==> ignore
    arg [-plugin-opt=-pass-through=-lgcc] ==> ignore
    arg [-plugin-opt=-pass-through=-lc] ==> ignore
    arg [-plugin-opt=-pass-through=-lgcc_s] ==> ignore
    arg [-plugin-opt=-pass-through=-lgcc] ==> ignore
    arg [--build-id] ==> ignore
    arg [--eh-frame-hdr] ==> ignore
    arg [-m] ==> ignore
    arg [elf_x86_64] ==> ignore
    arg [--hash-style=gnu] ==> ignore
    arg [--as-needed] ==> ignore
    arg [-export-dynamic] ==> ignore
    arg [-dynamic-linker] ==> ignore
    arg [/lib64/ld-linux-x86-64.so.2] ==> ignore
    arg [-pie] ==> ignore
    arg [-znow] ==> ignore
    arg [-zrelro] ==> ignore
    arg [-o] ==> ignore
    arg [cmTC_4968d] ==> ignore
    arg [/usr/lib/gcc/x86_64-linux-gnu/9/../../../x86_64-linux-gnu/Scrt1.o] ==> ignore
    arg [/usr/lib/gcc/x86_64-linux-gnu/9/../../../x86_64-linux-gnu/crti.o] ==> ignore
    arg [/usr/lib/gcc/x86_64-linux-gnu/9/crtbeginS.o] ==> ignore
    arg [-L/usr/lib/gcc/x86_64-linux-gnu/9] ==> dir [/usr/lib/gcc/x86_64-linux-gnu/9]
    arg [-L/usr/lib/gcc/x86_64-linux-gnu/9/../../../x86_64-linux-gnu] ==> dir [/usr/lib/gcc/x86_64-linux-gnu/9/../../../x86_64-linux-gnu]
    arg [-L/usr/lib/gcc/x86_64-linux-gnu/9/../../../../lib] ==> dir [/usr/lib/gcc/x86_64-linux-gnu/9/../../../../lib]
    arg [-L/lib/x86_64-linux-gnu] ==> dir [/lib/x86_64-linux-gnu]
    arg [-L/lib/../lib] ==> dir [/lib/../lib]
    arg [-L/usr/lib/x86_64-linux-gnu] ==> dir [/usr/lib/x86_64-linux-gnu]
    arg [-L/usr/lib/../lib] ==> dir [/usr/lib/../lib]
    arg [-L/usr/lib/gcc/x86_64-linux-gnu/9/../../..] ==> dir [/usr/lib/gcc/x86_64-linux-gnu/9/../../..]
    arg [CMakeFiles/cmTC_4968d.dir/CMakeCXXCompilerABI.cpp.o] ==> ignore
    arg [-lstdc++] ==> lib [stdc++]
    arg [-lm] ==> lib [m]
    arg [-lgcc_s] ==> lib [gcc_s]
    arg [-lgcc] ==> lib [gcc]
    arg [-lc] ==> lib [c]
    arg [-lgcc_s] ==> lib [gcc_s]
    arg [-lgcc] ==> lib [gcc]
    arg [/usr/lib/gcc/x86_64-linux-gnu/9/crtendS.o] ==> ignore
    arg [/usr/lib/gcc/x86_64-linux-gnu/9/../../../x86_64-linux-gnu/crtn.o] ==> ignore
  collapse library dir [/usr/lib/gcc/x86_64-linux-gnu/9] ==> [/usr/lib/gcc/x86_64-linux-gnu/9]
  collapse library dir [/usr/lib/gcc/x86_64-linux-gnu/9/../../../x86_64-linux-gnu] ==> [/usr/lib/x86_64-linux-gnu]
  collapse library dir [/usr/lib/gcc/x86_64-linux-gnu/9/../../../../lib] ==> [/usr/lib]
  collapse library dir [/lib/x86_64-linux-gnu] ==> [/lib/x86_64-linux-gnu]
  collapse library dir [/lib/../lib] ==> [/lib]
  collapse library dir [/usr/lib/x86_64-linux-gnu] ==> [/usr/lib/x86_64-linux-gnu]
  collapse library dir [/usr/lib/../lib] ==> [/usr/lib]
  collapse library dir [/usr/lib/gcc/x86_64-linux-gnu/9/../../..] ==> [/usr/lib]
  implicit libs: [stdc++;m;gcc_s;gcc;c;gcc_s;gcc]
  implicit dirs: [/usr/lib/gcc/x86_64-linux-gnu/9;/usr/lib/x86_64-linux-gnu;/usr/lib;/lib/x86_64-linux-gnu;/lib]
  implicit fwks: []


Performing C++ SOURCE FILE Test EIGEN_COMPILER_SUPPORT_CPP11 succeeded with the following output:
Change Dir: /mnt/c/Users/Indil/Desktop/RStudioGit/IterativeMethods/build_dir/CMakeFiles/CMakeTmp

Run Build Command(s):/usr/bin/make cmTC_5c840/fast && /usr/bin/make -f CMakeFiles/cmTC_5c840.dir/build.make CMakeFiles/cmTC_5c840.dir/build
make[1]: Entering directory '/mnt/c/Users/Indil/Desktop/RStudioGit/IterativeMethods/build_dir/CMakeFiles/CMakeTmp'
Building CXX object CMakeFiles/cmTC_5c840.dir/src.cxx.o
/usr/bin/c++    -DEIGEN_COMPILER_SUPPORT_CPP11   -std=c++11 -o CMakeFiles/cmTC_5c840.dir/src.cxx.o -c /mnt/c/Users/Indil/Desktop/RStudioGit/IterativeMethods/build_dir/CMakeFiles/CMakeTmp/src.cxx
Linking CXX executable cmTC_5c840
/usr/bin/cmake -E cmake_link_script CMakeFiles/cmTC_5c840.dir/link.txt --verbose=1
/usr/bin/c++   -DEIGEN_COMPILER_SUPPORT_CPP11    -rdynamic CMakeFiles/cmTC_5c840.dir/src.cxx.o  -o cmTC_5c840 
make[1]: Leaving directory '/mnt/c/Users/Indil/Desktop/RStudioGit/IterativeMethods/build_dir/CMakeFiles/CMakeTmp'


Source file was:
int main() { return 0; }
Performing C++ SOURCE FILE Test COMPILER_SUPPORT_std=cpp03 succeeded with the following output:
Change Dir: /mnt/c/Users/Indil/Desktop/RStudioGit/IterativeMethods/build_dir/CMakeFiles/CMakeTmp

Run Build Command(s):/usr/bin/make cmTC_7ee27/fast && /usr/bin/make -f CMakeFiles/cmTC_7ee27.dir/build.make CMakeFiles/cmTC_7ee27.dir/build
make[1]: Entering directory '/mnt/c/Users/Indil/Desktop/RStudioGit/IterativeMethods/build_dir/CMakeFiles/CMakeTmp'
Building CXX object CMakeFiles/cmTC_7ee27.dir/src.cxx.o
/usr/bin/c++    -DCOMPILER_SUPPORT_std=cpp03   -std=c++03 -o CMakeFiles/cmTC_7ee27.dir/src.cxx.o -c /mnt/c/Users/Indil/Desktop/RStudioGit/IterativeMethods/build_dir/CMakeFiles/CMakeTmp/src.cxx
Linking CXX executable cmTC_7ee27
/usr/bin/cmake -E cmake_link_script CMakeFiles/cmTC_7ee27.dir/link.txt --verbose=1
/usr/bin/c++   -DCOMPILER_SUPPORT_std=cpp03    -rdynamic CMakeFiles/cmTC_7ee27.dir/src.cxx.o  -o cmTC_7ee27 
make[1]: Leaving directory '/mnt/c/Users/Indil/Desktop/RStudioGit/IterativeMethods/build_dir/CMakeFiles/CMakeTmp'


Source file was:
int main() { return 0; }
Performing C++ SOURCE FILE Test standard_math_library_linked_to_automatically succeeded with the following output:
Change Dir: /mnt/c/Users/Indil/Desktop/RStudioGit/IterativeMethods/build_dir/CMakeFiles/CMakeTmp

Run Build Command(s):/usr/bin/make cmTC_21fbb/fast && /usr/bin/make -f CMakeFiles/cmTC_21fbb.dir/build.make CMakeFiles/cmTC_21fbb.dir/build
make[1]: Entering directory '/mnt/c/Users/Indil/Desktop/RStudioGit/IterativeMethods/build_dir/CMakeFiles/CMakeTmp'
Building CXX object CMakeFiles/cmTC_21fbb.dir/src.cxx.o
/usr/bin/c++    -std=c++03 -Dstandard_math_library_linked_to_automatically   -o CMakeFiles/cmTC_21fbb.dir/src.cxx.o -c /mnt/c/Users/Indil/Desktop/RStudioGit/IterativeMethods/build_dir/CMakeFiles/CMakeTmp/src.cxx
Linking CXX executable cmTC_21fbb
/usr/bin/cmake -E cmake_link_script CMakeFiles/cmTC_21fbb.dir/link.txt --verbose=1
/usr/bin/c++   -std=c++03 -Dstandard_math_library_linked_to_automatically    -rdynamic CMakeFiles/cmTC_21fbb.dir/src.cxx.o  -o cmTC_21fbb 
make[1]: Leaving directory '/mnt/c/Users/Indil/Desktop/RStudioGit/IterativeMethods/build_dir/CMakeFiles/CMakeTmp'


Source file was:
#include<cmath>
int main() { std::sin(0.0); std::log(0.0f); }
Performing C++ SOURCE FILE Test COMPILER_SUPPORT_WERROR succeeded with the following output:
Change Dir: /mnt/c/Users/Indil/Desktop/RStudioGit/IterativeMethods/build_dir/CMakeFiles/CMakeTmp

Run Build Command(s):/usr/bin/make cmTC_db8d2/fast && /usr/bin/make -f CMakeFiles/cmTC_db8d2.dir/build.make CMakeFiles/cmTC_db8d2.dir/build
make[1]: Entering directory '/mnt/c/Users/Indil/Desktop/RStudioGit/IterativeMethods/build_dir/CMakeFiles/CMakeTmp'
Building CXX object CMakeFiles/cmTC_db8d2.dir/src.cxx.o
/usr/bin/c++    -std=c++03 -DCOMPILER_SUPPORT_WERROR   -Werror -o CMakeFiles/cmTC_db8d2.dir/src.cxx.o -c /mnt/c/Users/Indil/Desktop/RStudioGit/IterativeMethods/build_dir/CMakeFiles/CMakeTmp/src.cxx
Linking CXX executable cmTC_db8d2
/usr/bin/cmake -E cmake_link_script CMakeFiles/cmTC_db8d2.dir/link.txt --verbose=1
/usr/bin/c++   -std=c++03 -DCOMPILER_SUPPORT_WERROR    -rdynamic CMakeFiles/cmTC_db8d2.dir/src.cxx.o  -o cmTC_db8d2 
make[1]: Leaving directory '/mnt/c/Users/Indil/Desktop/RStudioGit/IterativeMethods/build_dir/CMakeFiles/CMakeTmp'


Source file was:
int main() { return 0; }
Performing C++ SOURCE FILE Test COMPILER_SUPPORT_pedantic succeeded with the following output:
Change Dir: /mnt/c/Users/Indil/Desktop/RStudioGit/IterativeMethods/build_dir/CMakeFiles/CMakeTmp

Run Build Command(s):/usr/bin/make cmTC_f8825/fast && /usr/bin/make -f CMakeFiles/cmTC_f8825.dir/build.make CMakeFiles/cmTC_f8825.dir/build
make[1]: Entering directory '/mnt/c/Users/Indil/Desktop/RStudioGit/IterativeMethods/build_dir/CMakeFiles/CMakeTmp'
Building CXX object CMakeFiles/cmTC_f8825.dir/src.cxx.o
/usr/bin/c++    -std=c++03 -DCOMPILER_SUPPORT_pedantic -Werror   -pedantic -o CMakeFiles/cmTC_f8825.dir/src.cxx.o -c /mnt/c/Users/Indil/Desktop/RStudioGit/IterativeMethods/build_dir/CMakeFiles/CMakeTmp/src.cxx
Linking CXX executable cmTC_f8825
/usr/bin/cmake -E cmake_link_script CMakeFiles/cmTC_f8825.dir/link.txt --verbose=1
/usr/bin/c++   -std=c++03 -DCOMPILER_SUPPORT_pedantic -Werror    -rdynamic CMakeFiles/cmTC_f8825.dir/src.cxx.o  -o cmTC_f8825 
make[1]: Leaving directory '/mnt/c/Users/Indil/Desktop/RStudioGit/IterativeMethods/build_dir/CMakeFiles/CMakeTmp'


Source file was:
int main() { return 0; }
Performing C++ SOURCE FILE Test COMPILER_SUPPORT_Wall succeeded with the following output:
Change Dir: /mnt/c/Users/Indil/Desktop/RStudioGit/IterativeMethods/build_dir/CMakeFiles/CMakeTmp

Run Build Command(s):/usr/bin/make cmTC_b3f4f/fast && /usr/bin/make -f CMakeFiles/cmTC_b3f4f.dir/build.make CMakeFiles/cmTC_b3f4f.dir/build
make[1]: Entering directory '/mnt/c/Users/Indil/Desktop/RStudioGit/IterativeMethods/build_dir/CMakeFiles/CMakeTmp'
Building CXX object CMakeFiles/cmTC_b3f4f.dir/src.cxx.o
/usr/bin/c++    -std=c++03 -pedantic -DCOMPILER_SUPPORT_Wall -Werror   -Wall -o CMakeFiles/cmTC_b3f4f.dir/src.cxx.o -c /mnt/c/Users/Indil/Desktop/RStudioGit/IterativeMethods/build_dir/CMakeFiles/CMakeTmp/src.cxx
Linking CXX executable cmTC_b3f4f
/usr/bin/cmake -E cmake_link_script CMakeFiles/cmTC_b3f4f.dir/link.txt --verbose=1
/usr/bin/c++   -std=c++03 -pedantic -DCOMPILER_SUPPORT_Wall -Werror    -rdynamic CMakeFiles/cmTC_b3f4f.dir/src.cxx.o  -o cmTC_b3f4f 
make[1]: Leaving directory '/mnt/c/Users/Indil/Desktop/RStudioGit/IterativeMethods/build_dir/CMakeFiles/CMakeTmp'


Source file was:
int main() { return 0; }
Performing C++ SOURCE FILE Test COMPILER_SUPPORT_Wextra succeeded with the following output:
Change Dir: /mnt/c/Users/Indil/Desktop/RStudioGit/IterativeMethods/build_dir/CMakeFiles/CMakeTmp

Run Build Command(s):/usr/bin/make cmTC_b6a09/fast && /usr/bin/make -f CMakeFiles/cmTC_b6a09.dir/build.make CMakeFiles/cmTC_b6a09.dir/build
make[1]: Entering directory '/mnt/c/Users/Indil/Desktop/RStudioGit/IterativeMethods/build_dir/CMakeFiles/CMakeTmp'
Building CXX object CMakeFiles/cmTC_b6a09.dir/src.cxx.o
/usr/bin/c++    -std=c++03 -pedantic -Wall -DCOMPILER_SUPPORT_Wextra -Werror   -Wextra -o CMakeFiles/cmTC_b6a09.dir/src.cxx.o -c /mnt/c/Users/Indil/Desktop/RStudioGit/IterativeMethods/build_dir/CMakeFiles/CMakeTmp/src.cxx
Linking CXX executable cmTC_b6a09
/usr/bin/cmake -E cmake_link_script CMakeFiles/cmTC_b6a09.dir/link.txt --verbose=1
/usr/bin/c++   -std=c++03 -pedantic -Wall -DCOMPILER_SUPPORT_Wextra -Werror    -rdynamic CMakeFiles/cmTC_b6a09.dir/src.cxx.o  -o cmTC_b6a09 
make[1]: Leaving directory '/mnt/c/Users/Indil/Desktop/RStudioGit/IterativeMethods/build_dir/CMakeFiles/CMakeTmp'


Source file was:
int main() { return 0; }
Performing C++ SOURCE FILE Test COMPILER_SUPPORT_Wundef succeeded with the following output:
Change Dir: /mnt/c/Users/Indil/Desktop/RStudioGit/IterativeMethods/build_dir/CMakeFiles/CMakeTmp

Run Build Command(s):/usr/bin/make cmTC_83c62/fast && /usr/bin/make -f CMakeFiles/cmTC_83c62.dir/build.make CMakeFiles/cmTC_83c62.dir/build
make[1]: Entering directory '/mnt/c/Users/Indil/Desktop/RStudioGit/IterativeMethods/build_dir/CMakeFiles/CMakeTmp'
Building CXX object CMakeFiles/cmTC_83c62.dir/src.cxx.o
/usr/bin/c++    -std=c++03 -pedantic -Wall -Wextra -DCOMPILER_SUPPORT_Wundef -Werror   -Wundef -o CMakeFiles/cmTC_83c62.dir/src.cxx.o -c /mnt/c/Users/Indil/Desktop/RStudioGit/IterativeMethods/build_dir/CMakeFiles/CMakeTmp/src.cxx
Linking CXX executable cmTC_83c62
/usr/bin/cmake -E cmake_link_script CMakeFiles/cmTC_83c62.dir/link.txt --verbose=1
/usr/bin/c++   -std=c++03 -pedantic -Wall -Wextra -DCOMPILER_SUPPORT_Wundef -Werror    -rdynamic CMakeFiles/cmTC_83c62.dir/src.cxx.o  -o cmTC_83c62 
make[1]: Leaving directory '/mnt/c/Users/Indil/Desktop/RStudioGit/IterativeMethods/build_dir/CMakeFiles/CMakeTmp'


Source file was:
int main() { return 0; }
Performing C++ SOURCE FILE Test COMPILER_SUPPORT_Wcastalign succeeded with the following output:
Change Dir: /mnt/c/Users/Indil/Desktop/RStudioGit/IterativeMethods/build_dir/CMakeFiles/CMakeTmp

Run Build Command(s):/usr/bin/make cmTC_1a072/fast && /usr/bin/make -f CMakeFiles/cmTC_1a072.dir/build.make CMakeFiles/cmTC_1a072.dir/build
make[1]: Entering directory '/mnt/c/Users/Indil/Desktop/RStudioGit/IterativeMethods/build_dir/CMakeFiles/CMakeTmp'
Building CXX object CMakeFiles/cmTC_1a072.dir/src.cxx.o
/usr/bin/c++    -std=c++03 -pedantic -Wall -Wextra -Wundef -DCOMPILER_SUPPORT_Wcastalign -Werror   -Wcast-align -o CMakeFiles/cmTC_1a072.dir/src.cxx.o -c /mnt/c/Users/Indil/Desktop/RStudioGit/IterativeMethods/build_dir/CMakeFiles/CMakeTmp/src.cxx
Linking CXX executable cmTC_1a072
/usr/bin/cmake -E cmake_link_script CMakeFiles/cmTC_1a072.dir/link.txt --verbose=1
/usr/bin/c++   -std=c++03 -pedantic -Wall -Wextra -Wundef -DCOMPILER_SUPPORT_Wcastalign -Werror    -rdynamic CMakeFiles/cmTC_1a072.dir/src.cxx.o  -o cmTC_1a072 
make[1]: Leaving directory '/mnt/c/Users/Indil/Desktop/RStudioGit/IterativeMethods/build_dir/CMakeFiles/CMakeTmp'


Source file was:
int main() { return 0; }
Performing C++ SOURCE FILE Test COMPILER_SUPPORT_Wcharsubscripts succeeded with the following output:
Change Dir: /mnt/c/Users/Indil/Desktop/RStudioGit/IterativeMethods/build_dir/CMakeFiles/CMakeTmp

Run Build Command(s):/usr/bin/make cmTC_4d39e/fast && /usr/bin/make -f CMakeFiles/cmTC_4d39e.dir/build.make CMakeFiles/cmTC_4d39e.dir/build
make[1]: Entering directory '/mnt/c/Users/Indil/Desktop/RStudioGit/IterativeMethods/build_dir/CMakeFiles/CMakeTmp'
Building CXX object CMakeFiles/cmTC_4d39e.dir/src.cxx.o
/usr/bin/c++    -std=c++03 -pedantic -Wall -Wextra -Wundef -Wcast-align -DCOMPILER_SUPPORT_Wcharsubscripts -Werror   -Wchar-subscripts -o CMakeFiles/cmTC_4d39e.dir/src.cxx.o -c /mnt/c/Users/Indil/Desktop/RStudioGit/IterativeMethods/build_dir/CMakeFiles/CMakeTmp/src.cxx
Linking CXX executable cmTC_4d39e
/usr/bin/cmake -E cmake_link_script CMakeFiles/cmTC_4d39e.dir/link.txt --verbose=1
/usr/bin/c++   -std=c++03 -pedantic -Wall -Wextra -Wundef -Wcast-align -DCOMPILER_SUPPORT_Wcharsubscripts -Werror    -rdynamic CMakeFiles/cmTC_4d39e.dir/src.cxx.o  -o cmTC_4d39e 
make[1]: Leaving directory '/mnt/c/Users/Indil/Desktop/RStudioGit/IterativeMethods/build_dir/CMakeFiles/CMakeTmp'


Source file was:
int main() { return 0; }
Performing C++ SOURCE FILE Test COMPILER_SUPPORT_Wnonvirtualdtor succeeded with the following output:
Change Dir: /mnt/c/Users/Indil/Desktop/RStudioGit/IterativeMethods/build_dir/CMakeFiles/CMakeTmp

Run Build Command(s):/usr/bin/make cmTC_70d7a/fast && /usr/bin/make -f CMakeFiles/cmTC_70d7a.dir/build.make CMakeFiles/cmTC_70d7a.dir/build
make[1]: Entering directory '/mnt/c/Users/Indil/Desktop/RStudioGit/IterativeMethods/build_dir/CMakeFiles/CMakeTmp'
Building CXX object CMakeFiles/cmTC_70d7a.dir/src.cxx.o
/usr/bin/c++    -std=c++03 -pedantic -Wall -Wextra -Wundef -Wcast-align -Wchar-subscripts -DCOMPILER_SUPPORT_Wnonvirtualdtor -Werror   -Wnon-virtual-dtor -o CMakeFiles/cmTC_70d7a.dir/src.cxx.o -c /mnt/c/Users/Indil/Desktop/RStudioGit/IterativeMethods/build_dir/CMakeFiles/CMakeTmp/src.cxx
Linking CXX executable cmTC_70d7a
/usr/bin/cmake -E cmake_link_script CMakeFiles/cmTC_70d7a.dir/link.txt --verbose=1
/usr/bin/c++   -std=c++03 -pedantic -Wall -Wextra -Wundef -Wcast-align -Wchar-subscripts -DCOMPILER_SUPPORT_Wnonvirtualdtor -Werror    -rdynamic CMakeFiles/cmTC_70d7a.dir/src.cxx.o  -o cmTC_70d7a 
make[1]: Leaving directory '/mnt/c/Users/Indil/Desktop/RStudioGit/IterativeMethods/build_dir/CMakeFiles/CMakeTmp'


Source file was:
int main() { return 0; }
Performing C++ SOURCE FILE Test COMPILER_SUPPORT_Wunusedlocaltypedefs succeeded with the following output:
Change Dir: /mnt/c/Users/Indil/Desktop/RStudioGit/IterativeMethods/build_dir/CMakeFiles/CMakeTmp

Run Build Command(s):/usr/bin/make cmTC_85473/fast && /usr/bin/make -f CMakeFiles/cmTC_85473.dir/build.make CMakeFiles/cmTC_85473.dir/build
make[1]: Entering directory '/mnt/c/Users/Indil/Desktop/RStudioGit/IterativeMethods/build_dir/CMakeFiles/CMakeTmp'
Building CXX object CMakeFiles/cmTC_85473.dir/src.cxx.o
/usr/bin/c++    -std=c++03 -pedantic -Wall -Wextra -Wundef -Wcast-align -Wchar-subscripts -Wnon-virtual-dtor -DCOMPILER_SUPPORT_Wunusedlocaltypedefs -Werror   -Wunused-local-typedefs -o CMakeFiles/cmTC_85473.dir/src.cxx.o -c /mnt/c/Users/Indil/Desktop/RStudioGit/IterativeMethods/build_dir/CMakeFiles/CMakeTmp/src.cxx
Linking CXX executable cmTC_85473
/usr/bin/cmake -E cmake_link_script CMakeFiles/cmTC_85473.dir/link.txt --verbose=1
/usr/bin/c++   -std=c++03 -pedantic -Wall -Wextra -Wundef -Wcast-align -Wchar-subscripts -Wnon-virtual-dtor -DCOMPILER_SUPPORT_Wunusedlocaltypedefs -Werror    -rdynamic CMakeFiles/cmTC_85473.dir/src.cxx.o  -o cmTC_85473 
make[1]: Leaving directory '/mnt/c/Users/Indil/Desktop/RStudioGit/IterativeMethods/build_dir/CMakeFiles/CMakeTmp'


Source file was:
int main() { return 0; }
Performing C++ SOURCE FILE Test COMPILER_SUPPORT_Wpointerarith succeeded with the following output:
Change Dir: /mnt/c/Users/Indil/Desktop/RStudioGit/IterativeMethods/build_dir/CMakeFiles/CMakeTmp

Run Build Command(s):/usr/bin/make cmTC_7d9ee/fast && /usr/bin/make -f CMakeFiles/cmTC_7d9ee.dir/build.make CMakeFiles/cmTC_7d9ee.dir/build
make[1]: Entering directory '/mnt/c/Users/Indil/Desktop/RStudioGit/IterativeMethods/build_dir/CMakeFiles/CMakeTmp'
Building CXX object CMakeFiles/cmTC_7d9ee.dir/src.cxx.o
/usr/bin/c++    -std=c++03 -pedantic -Wall -Wextra -Wundef -Wcast-align -Wchar-subscripts -Wnon-virtual-dtor -Wunused-local-typedefs -DCOMPILER_SUPPORT_Wpointerarith -Werror   -Wpointer-arith -o CMakeFiles/cmTC_7d9ee.dir/src.cxx.o -c /mnt/c/Users/Indil/Desktop/RStudioGit/IterativeMethods/build_dir/CMakeFiles/CMakeTmp/src.cxx
Linking CXX executable cmTC_7d9ee
/usr/bin/cmake -E cmake_link_script CMakeFiles/cmTC_7d9ee.dir/link.txt --verbose=1
/usr/bin/c++   -std=c++03 -pedantic -Wall -Wextra -Wundef -Wcast-align -Wchar-subscripts -Wnon-virtual-dtor -Wunused-local-typedefs -DCOMPILER_SUPPORT_Wpointerarith -Werror    -rdynamic CMakeFiles/cmTC_7d9ee.dir/src.cxx.o  -o cmTC_7d9ee 
make[1]: Leaving directory '/mnt/c/Users/Indil/Desktop/RStudioGit/IterativeMethods/build_dir/CMakeFiles/CMakeTmp'


Source file was:
int main() { return 0; }
Performing C++ SOURCE FILE Test COMPILER_SUPPORT_Wwritestrings succeeded with the following output:
Change Dir: /mnt/c/Users/Indil/Desktop/RStudioGit/IterativeMethods/build_dir/CMakeFiles/CMakeTmp

Run Build Command(s):/usr/bin/make cmTC_ebf75/fast && /usr/bin/make -f CMakeFiles/cmTC_ebf75.dir/build.make CMakeFiles/cmTC_ebf75.dir/build
make[1]: Entering directory '/mnt/c/Users/Indil/Desktop/RStudioGit/IterativeMethods/build_dir/CMakeFiles/CMakeTmp'
Building CXX object CMakeFiles/cmTC_ebf75.dir/src.cxx.o
/usr/bin/c++    -std=c++03 -pedantic -Wall -Wextra -Wundef -Wcast-align -Wchar-subscripts -Wnon-virtual-dtor -Wunused-local-typedefs -Wpointer-arith -DCOMPILER_SUPPORT_Wwritestrings -Werror   -Wwrite-strings -o CMakeFiles/cmTC_ebf75.dir/src.cxx.o -c /mnt/c/Users/Indil/Desktop/RStudioGit/IterativeMethods/build_dir/CMakeFiles/CMakeTmp/src.cxx
Linking CXX executable cmTC_ebf75
/usr/bin/cmake -E cmake_link_script CMakeFiles/cmTC_ebf75.dir/link.txt --verbose=1
/usr/bin/c++   -std=c++03 -pedantic -Wall -Wextra -Wundef -Wcast-align -Wchar-subscripts -Wnon-virtual-dtor -Wunused-local-typedefs -Wpointer-arith -DCOMPILER_SUPPORT_Wwritestrings -Werror    -rdynamic CMakeFiles/cmTC_ebf75.dir/src.cxx.o  -o cmTC_ebf75 
make[1]: Leaving directory '/mnt/c/Users/Indil/Desktop/RStudioGit/IterativeMethods/build_dir/CMakeFiles/CMakeTmp'


Source file was:
int main() { return 0; }
Performing C++ SOURCE FILE Test COMPILER_SUPPORT_Wformatsecurity succeeded with the following output:
Change Dir: /mnt/c/Users/Indil/Desktop/RStudioGit/IterativeMethods/build_dir/CMakeFiles/CMakeTmp

Run Build Command(s):/usr/bin/make cmTC_09c0d/fast && /usr/bin/make -f CMakeFiles/cmTC_09c0d.dir/build.make CMakeFiles/cmTC_09c0d.dir/build
make[1]: Entering directory '/mnt/c/Users/Indil/Desktop/RStudioGit/IterativeMethods/build_dir/CMakeFiles/CMakeTmp'
Building CXX object CMakeFiles/cmTC_09c0d.dir/src.cxx.o
/usr/bin/c++    -std=c++03 -pedantic -Wall -Wextra -Wundef -Wcast-align -Wchar-subscripts -Wnon-virtual-dtor -Wunused-local-typedefs -Wpointer-arith -Wwrite-strings -DCOMPILER_SUPPORT_Wformatsecurity -Werror   -Wformat-security -o CMakeFiles/cmTC_09c0d.dir/src.cxx.o -c /mnt/c/Users/Indil/Desktop/RStudioGit/IterativeMethods/build_dir/CMakeFiles/CMakeTmp/src.cxx
Linking CXX executable cmTC_09c0d
/usr/bin/cmake -E cmake_link_script CMakeFiles/cmTC_09c0d.dir/link.txt --verbose=1
/usr/bin/c++   -std=c++03 -pedantic -Wall -Wextra -Wundef -Wcast-align -Wchar-subscripts -Wnon-virtual-dtor -Wunused-local-typedefs -Wpointer-arith -Wwrite-strings -DCOMPILER_SUPPORT_Wformatsecurity -Werror    -rdynamic CMakeFiles/cmTC_09c0d.dir/src.cxx.o  -o cmTC_09c0d 
make[1]: Leaving directory '/mnt/c/Users/Indil/Desktop/RStudioGit/IterativeMethods/build_dir/CMakeFiles/CMakeTmp'


Source file was:
int main() { return 0; }
Performing C++ SOURCE FILE Test COMPILER_SUPPORT_Wlogicalop succeeded with the following output:
Change Dir: /mnt/c/Users/Indil/Desktop/RStudioGit/IterativeMethods/build_dir/CMakeFiles/CMakeTmp

Run Build Command(s):/usr/bin/make cmTC_adbf1/fast && /usr/bin/make -f CMakeFiles/cmTC_adbf1.dir/build.make CMakeFiles/cmTC_adbf1.dir/build
make[1]: Entering directory '/mnt/c/Users/Indil/Desktop/RStudioGit/IterativeMethods/build_dir/CMakeFiles/CMakeTmp'
Building CXX object CMakeFiles/cmTC_adbf1.dir/src.cxx.o
/usr/bin/c++    -std=c++03 -pedantic -Wall -Wextra -Wundef -Wcast-align -Wchar-subscripts -Wnon-virtual-dtor -Wunused-local-typedefs -Wpointer-arith -Wwrite-strings -Wformat-security -DCOMPILER_SUPPORT_Wlogicalop -Werror   -Wlogical-op -o CMakeFiles/cmTC_adbf1.dir/src.cxx.o -c /mnt/c/Users/Indil/Desktop/RStudioGit/IterativeMethods/build_dir/CMakeFiles/CMakeTmp/src.cxx
Linking CXX executable cmTC_adbf1
/usr/bin/cmake -E cmake_link_script CMakeFiles/cmTC_adbf1.dir/link.txt --verbose=1
/usr/bin/c++   -std=c++03 -pedantic -Wall -Wextra -Wundef -Wcast-align -Wchar-subscripts -Wnon-virtual-dtor -Wunused-local-typedefs -Wpointer-arith -Wwrite-strings -Wformat-security -DCOMPILER_SUPPORT_Wlogicalop -Werror    -rdynamic CMakeFiles/cmTC_adbf1.dir/src.cxx.o  -o cmTC_adbf1 
make[1]: Leaving directory '/mnt/c/Users/Indil/Desktop/RStudioGit/IterativeMethods/build_dir/CMakeFiles/CMakeTmp'


Source file was:
int main() { return 0; }
Performing C++ SOURCE FILE Test COMPILER_SUPPORT_Wdoublepromotion succeeded with the following output:
Change Dir: /mnt/c/Users/Indil/Desktop/RStudioGit/IterativeMethods/build_dir/CMakeFiles/CMakeTmp

Run Build Command(s):/usr/bin/make cmTC_673e5/fast && /usr/bin/make -f CMakeFiles/cmTC_673e5.dir/build.make CMakeFiles/cmTC_673e5.dir/build
make[1]: Entering directory '/mnt/c/Users/Indil/Desktop/RStudioGit/IterativeMethods/build_dir/CMakeFiles/CMakeTmp'
Building CXX object CMakeFiles/cmTC_673e5.dir/src.cxx.o
/usr/bin/c++    -std=c++03 -pedantic -Wall -Wextra -Wundef -Wcast-align -Wchar-subscripts -Wnon-virtual-dtor -Wunused-local-typedefs -Wpointer-arith -Wwrite-strings -Wformat-security -Wlogical-op -DCOMPILER_SUPPORT_Wdoublepromotion -Werror   -Wdouble-promotion -o CMakeFiles/cmTC_673e5.dir/src.cxx.o -c /mnt/c/Users/Indil/Desktop/RStudioGit/IterativeMethods/build_dir/CMakeFiles/CMakeTmp/src.cxx
Linking CXX executable cmTC_673e5
/usr/bin/cmake -E cmake_link_script CMakeFiles/cmTC_673e5.dir/link.txt --verbose=1
/usr/bin/c++   -std=c++03 -pedantic -Wall -Wextra -Wundef -Wcast-align -Wchar-subscripts -Wnon-virtual-dtor -Wunused-local-typedefs -Wpointer-arith -Wwrite-strings -Wformat-security -Wlogical-op -DCOMPILER_SUPPORT_Wdoublepromotion -Werror    -rdynamic CMakeFiles/cmTC_673e5.dir/src.cxx.o  -o cmTC_673e5 
make[1]: Leaving directory '/mnt/c/Users/Indil/Desktop/RStudioGit/IterativeMethods/build_dir/CMakeFiles/CMakeTmp'


Source file was:
int main() { return 0; }
Performing C++ SOURCE FILE Test COMPILER_SUPPORT_Wnopsabi succeeded with the following output:
Change Dir: /mnt/c/Users/Indil/Desktop/RStudioGit/IterativeMethods/build_dir/CMakeFiles/CMakeTmp

Run Build Command(s):/usr/bin/make cmTC_39037/fast && /usr/bin/make -f CMakeFiles/cmTC_39037.dir/build.make CMakeFiles/cmTC_39037.dir/build
make[1]: Entering directory '/mnt/c/Users/Indil/Desktop/RStudioGit/IterativeMethods/build_dir/CMakeFiles/CMakeTmp'
Building CXX object CMakeFiles/cmTC_39037.dir/src.cxx.o
/usr/bin/c++    -std=c++03 -pedantic -Wall -Wextra -Wundef -Wcast-align -Wchar-subscripts -Wnon-virtual-dtor -Wunused-local-typedefs -Wpointer-arith -Wwrite-strings -Wformat-security -Wlogical-op -Wdouble-promotion -DCOMPILER_SUPPORT_Wnopsabi -Werror   -Wno-psabi -o CMakeFiles/cmTC_39037.dir/src.cxx.o -c /mnt/c/Users/Indil/Desktop/RStudioGit/IterativeMethods/build_dir/CMakeFiles/CMakeTmp/src.cxx
Linking CXX executable cmTC_39037
/usr/bin/cmake -E cmake_link_script CMakeFiles/cmTC_39037.dir/link.txt --verbose=1
/usr/bin/c++   -std=c++03 -pedantic -Wall -Wextra -Wundef -Wcast-align -Wchar-subscripts -Wnon-virtual-dtor -Wunused-local-typedefs -Wpointer-arith -Wwrite-strings -Wformat-security -Wlogical-op -Wdouble-promotion -DCOMPILER_SUPPORT_Wnopsabi -Werror    -rdynamic CMakeFiles/cmTC_39037.dir/src.cxx.o  -o cmTC_39037 
make[1]: Leaving directory '/mnt/c/Users/Indil/Desktop/RStudioGit/IterativeMethods/build_dir/CMakeFiles/CMakeTmp'


Source file was:
int main() { return 0; }
Performing C++ SOURCE FILE Test COMPILER_SUPPORT_Wnovariadicmacros succeeded with the following output:
Change Dir: /mnt/c/Users/Indil/Desktop/RStudioGit/IterativeMethods/build_dir/CMakeFiles/CMakeTmp

Run Build Command(s):/usr/bin/make cmTC_88cce/fast && /usr/bin/make -f CMakeFiles/cmTC_88cce.dir/build.make CMakeFiles/cmTC_88cce.dir/build
make[1]: Entering directory '/mnt/c/Users/Indil/Desktop/RStudioGit/IterativeMethods/build_dir/CMakeFiles/CMakeTmp'
Building CXX object CMakeFiles/cmTC_88cce.dir/src.cxx.o
/usr/bin/c++    -std=c++03 -pedantic -Wall -Wextra -Wundef -Wcast-align -Wchar-subscripts -Wnon-virtual-dtor -Wunused-local-typedefs -Wpointer-arith -Wwrite-strings -Wformat-security -Wlogical-op -Wdouble-promotion -Wno-psabi -DCOMPILER_SUPPORT_Wnovariadicmacros -Werror   -Wno-variadic-macros -o CMakeFiles/cmTC_88cce.dir/src.cxx.o -c /mnt/c/Users/Indil/Desktop/RStudioGit/IterativeMethods/build_dir/CMakeFiles/CMakeTmp/src.cxx
Linking CXX executable cmTC_88cce
/usr/bin/cmake -E cmake_link_script CMakeFiles/cmTC_88cce.dir/link.txt --verbose=1
/usr/bin/c++   -std=c++03 -pedantic -Wall -Wextra -Wundef -Wcast-align -Wchar-subscripts -Wnon-virtual-dtor -Wunused-local-typedefs -Wpointer-arith -Wwrite-strings -Wformat-security -Wlogical-op -Wdouble-promotion -Wno-psabi -DCOMPILER_SUPPORT_Wnovariadicmacros -Werror    -rdynamic CMakeFiles/cmTC_88cce.dir/src.cxx.o  -o cmTC_88cce 
make[1]: Leaving directory '/mnt/c/Users/Indil/Desktop/RStudioGit/IterativeMethods/build_dir/CMakeFiles/CMakeTmp'


Source file was:
int main() { return 0; }
Performing C++ SOURCE FILE Test COMPILER_SUPPORT_Wnolonglong succeeded with the following output:
Change Dir: /mnt/c/Users/Indil/Desktop/RStudioGit/IterativeMethods/build_dir/CMakeFiles/CMakeTmp

Run Build Command(s):/usr/bin/make cmTC_2b061/fast && /usr/bin/make -f CMakeFiles/cmTC_2b061.dir/build.make CMakeFiles/cmTC_2b061.dir/build
make[1]: Entering directory '/mnt/c/Users/Indil/Desktop/RStudioGit/IterativeMethods/build_dir/CMakeFiles/CMakeTmp'
Building CXX object CMakeFiles/cmTC_2b061.dir/src.cxx.o
/usr/bin/c++    -std=c++03 -pedantic -Wall -Wextra -Wundef -Wcast-align -Wchar-subscripts -Wnon-virtual-dtor -Wunused-local-typedefs -Wpointer-arith -Wwrite-strings -Wformat-security -Wlogical-op -Wdouble-promotion -Wno-psabi -Wno-variadic-macros -DCOMPILER_SUPPORT_Wnolonglong -Werror   -Wno-long-long -o CMakeFiles/cmTC_2b061.dir/src.cxx.o -c /mnt/c/Users/Indil/Desktop/RStudioGit/IterativeMethods/build_dir/CMakeFiles/CMakeTmp/src.cxx
Linking CXX executable cmTC_2b061
/usr/bin/cmake -E cmake_link_script CMakeFiles/cmTC_2b061.dir/link.txt --verbose=1
/usr/bin/c++   -std=c++03 -pedantic -Wall -Wextra -Wundef -Wcast-align -Wchar-subscripts -Wnon-virtual-dtor -Wunused-local-typedefs -Wpointer-arith -Wwrite-strings -Wformat-security -Wlogical-op -Wdouble-promotion -Wno-psabi -Wno-variadic-macros -DCOMPILER_SUPPORT_Wnolonglong -Werror    -rdynamic CMakeFiles/cmTC_2b061.dir/src.cxx.o  -o cmTC_2b061 
make[1]: Leaving directory '/mnt/c/Users/Indil/Desktop/RStudioGit/IterativeMethods/build_dir/CMakeFiles/CMakeTmp'


Source file was:
int main() { return 0; }
Performing C++ SOURCE FILE Test COMPILER_SUPPORT_fnochecknew succeeded with the following output:
Change Dir: /mnt/c/Users/Indil/Desktop/RStudioGit/IterativeMethods/build_dir/CMakeFiles/CMakeTmp

Run Build Command(s):/usr/bin/make cmTC_b4184/fast && /usr/bin/make -f CMakeFiles/cmTC_b4184.dir/build.make CMakeFiles/cmTC_b4184.dir/build
make[1]: Entering directory '/mnt/c/Users/Indil/Desktop/RStudioGit/IterativeMethods/build_dir/CMakeFiles/CMakeTmp'
Building CXX object CMakeFiles/cmTC_b4184.dir/src.cxx.o
/usr/bin/c++    -std=c++03 -pedantic -Wall -Wextra -Wundef -Wcast-align -Wchar-subscripts -Wnon-virtual-dtor -Wunused-local-typedefs -Wpointer-arith -Wwrite-strings -Wformat-security -Wlogical-op -Wdouble-promotion -Wno-psabi -Wno-variadic-macros -Wno-long-long -DCOMPILER_SUPPORT_fnochecknew -Werror   -fno-check-new -o CMakeFiles/cmTC_b4184.dir/src.cxx.o -c /mnt/c/Users/Indil/Desktop/RStudioGit/IterativeMethods/build_dir/CMakeFiles/CMakeTmp/src.cxx
Linking CXX executable cmTC_b4184
/usr/bin/cmake -E cmake_link_script CMakeFiles/cmTC_b4184.dir/link.txt --verbose=1
/usr/bin/c++   -std=c++03 -pedantic -Wall -Wextra -Wundef -Wcast-align -Wchar-subscripts -Wnon-virtual-dtor -Wunused-local-typedefs -Wpointer-arith -Wwrite-strings -Wformat-security -Wlogical-op -Wdouble-promotion -Wno-psabi -Wno-variadic-macros -Wno-long-long -DCOMPILER_SUPPORT_fnochecknew -Werror    -rdynamic CMakeFiles/cmTC_b4184.dir/src.cxx.o  -o cmTC_b4184 
make[1]: Leaving directory '/mnt/c/Users/Indil/Desktop/RStudioGit/IterativeMethods/build_dir/CMakeFiles/CMakeTmp'


Source file was:
int main() { return 0; }
Performing C++ SOURCE FILE Test COMPILER_SUPPORT_fnocommon succeeded with the following output:
Change Dir: /mnt/c/Users/Indil/Desktop/RStudioGit/IterativeMethods/build_dir/CMakeFiles/CMakeTmp

Run Build Command(s):/usr/bin/make cmTC_7b81b/fast && /usr/bin/make -f CMakeFiles/cmTC_7b81b.dir/build.make CMakeFiles/cmTC_7b81b.dir/build
make[1]: Entering directory '/mnt/c/Users/Indil/Desktop/RStudioGit/IterativeMethods/build_dir/CMakeFiles/CMakeTmp'
Building CXX object CMakeFiles/cmTC_7b81b.dir/src.cxx.o
/usr/bin/c++    -std=c++03 -pedantic -Wall -Wextra -Wundef -Wcast-align -Wchar-subscripts -Wnon-virtual-dtor -Wunused-local-typedefs -Wpointer-arith -Wwrite-strings -Wformat-security -Wlogical-op -Wdouble-promotion -Wno-psabi -Wno-variadic-macros -Wno-long-long -fno-check-new -DCOMPILER_SUPPORT_fnocommon -Werror   -fno-common -o CMakeFiles/cmTC_7b81b.dir/src.cxx.o -c /mnt/c/Users/Indil/Desktop/RStudioGit/IterativeMethods/build_dir/CMakeFiles/CMakeTmp/src.cxx
Linking CXX executable cmTC_7b81b
/usr/bin/cmake -E cmake_link_script CMakeFiles/cmTC_7b81b.dir/link.txt --verbose=1
/usr/bin/c++   -std=c++03 -pedantic -Wall -Wextra -Wundef -Wcast-align -Wchar-subscripts -Wnon-virtual-dtor -Wunused-local-typedefs -Wpointer-arith -Wwrite-strings -Wformat-security -Wlogical-op -Wdouble-promotion -Wno-psabi -Wno-variadic-macros -Wno-long-long -fno-check-new -DCOMPILER_SUPPORT_fnocommon -Werror    -rdynamic CMakeFiles/cmTC_7b81b.dir/src.cxx.o  -o cmTC_7b81b 
make[1]: Leaving directory '/mnt/c/Users/Indil/Desktop/RStudioGit/IterativeMethods/build_dir/CMakeFiles/CMakeTmp'


Source file was:
int main() { return 0; }
Performing C++ SOURCE FILE Test COMPILER_SUPPORT_fstrictaliasing succeeded with the following output:
Change Dir: /mnt/c/Users/Indil/Desktop/RStudioGit/IterativeMethods/build_dir/CMakeFiles/CMakeTmp

Run Build Command(s):/usr/bin/make cmTC_05cf0/fast && /usr/bin/make -f CMakeFiles/cmTC_05cf0.dir/build.make CMakeFiles/cmTC_05cf0.dir/build
make[1]: Entering directory '/mnt/c/Users/Indil/Desktop/RStudioGit/IterativeMethods/build_dir/CMakeFiles/CMakeTmp'
Building CXX object CMakeFiles/cmTC_05cf0.dir/src.cxx.o
/usr/bin/c++    -std=c++03 -pedantic -Wall -Wextra -Wundef -Wcast-align -Wchar-subscripts -Wnon-virtual-dtor -Wunused-local-typedefs -Wpointer-arith -Wwrite-strings -Wformat-security -Wlogical-op -Wdouble-promotion -Wno-psabi -Wno-variadic-macros -Wno-long-long -fno-check-new -fno-common -DCOMPILER_SUPPORT_fstrictaliasing -Werror   -fstrict-aliasing -o CMakeFiles/cmTC_05cf0.dir/src.cxx.o -c /mnt/c/Users/Indil/Desktop/RStudioGit/IterativeMethods/build_dir/CMakeFiles/CMakeTmp/src.cxx
Linking CXX executable cmTC_05cf0
/usr/bin/cmake -E cmake_link_script CMakeFiles/cmTC_05cf0.dir/link.txt --verbose=1
/usr/bin/c++   -std=c++03 -pedantic -Wall -Wextra -Wundef -Wcast-align -Wchar-subscripts -Wnon-virtual-dtor -Wunused-local-typedefs -Wpointer-arith -Wwrite-strings -Wformat-security -Wlogical-op -Wdouble-promotion -Wno-psabi -Wno-variadic-macros -Wno-long-long -fno-check-new -fno-common -DCOMPILER_SUPPORT_fstrictaliasing -Werror    -rdynamic CMakeFiles/cmTC_05cf0.dir/src.cxx.o  -o cmTC_05cf0 
make[1]: Leaving directory '/mnt/c/Users/Indil/Desktop/RStudioGit/IterativeMethods/build_dir/CMakeFiles/CMakeTmp'


Source file was:
int main() { return 0; }
Performing C++ SOURCE FILE Test COMPILER_SUPPORT_ansi succeeded with the following output:
Change Dir: /mnt/c/Users/Indil/Desktop/RStudioGit/IterativeMethods/build_dir/CMakeFiles/CMakeTmp

Run Build Command(s):/usr/bin/make cmTC_48f81/fast && /usr/bin/make -f CMakeFiles/cmTC_48f81.dir/build.make CMakeFiles/cmTC_48f81.dir/build
make[1]: Entering directory '/mnt/c/Users/Indil/Desktop/RStudioGit/IterativeMethods/build_dir/CMakeFiles/CMakeTmp'
Building CXX object CMakeFiles/cmTC_48f81.dir/src.cxx.o
/usr/bin/c++    -std=c++03 -pedantic -Wall -Wextra -Wundef -Wcast-align -Wchar-subscripts -Wnon-virtual-dtor -Wunused-local-typedefs -Wpointer-arith -Wwrite-strings -Wformat-security -Wlogical-op -Wdouble-promotion -Wno-psabi -Wno-variadic-macros -Wno-long-long -fno-check-new -fno-common -fstrict-aliasing -DCOMPILER_SUPPORT_ansi -Werror   -ansi -o CMakeFiles/cmTC_48f81.dir/src.cxx.o -c /mnt/c/Users/Indil/Desktop/RStudioGit/IterativeMethods/build_dir/CMakeFiles/CMakeTmp/src.cxx
Linking CXX executable cmTC_48f81
/usr/bin/cmake -E cmake_link_script CMakeFiles/cmTC_48f81.dir/link.txt --verbose=1
/usr/bin/c++   -std=c++03 -pedantic -Wall -Wextra -Wundef -Wcast-align -Wchar-subscripts -Wnon-virtual-dtor -Wunused-local-typedefs -Wpointer-arith -Wwrite-strings -Wformat-security -Wlogical-op -Wdouble-promotion -Wno-psabi -Wno-variadic-macros -Wno-long-long -fno-check-new -fno-common -fstrict-aliasing -DCOMPILER_SUPPORT_ansi -Werror    -rdynamic CMakeFiles/cmTC_48f81.dir/src.cxx.o  -o cmTC_48f81 
make[1]: Leaving directory '/mnt/c/Users/Indil/Desktop/RStudioGit/IterativeMethods/build_dir/CMakeFiles/CMakeTmp'


Source file was:
int main() { return 0; }
Performing C++ SOURCE FILE Test COMPILER_SUPPORT_OPENMP succeeded with the following output:
Change Dir: /mnt/c/Users/Indil/Desktop/RStudioGit/IterativeMethods/build_dir/CMakeFiles/CMakeTmp

Run Build Command(s):/usr/bin/make cmTC_6fd20/fast && /usr/bin/make -f CMakeFiles/cmTC_6fd20.dir/build.make CMakeFiles/cmTC_6fd20.dir/build
make[1]: Entering directory '/mnt/c/Users/Indil/Desktop/RStudioGit/IterativeMethods/build_dir/CMakeFiles/CMakeTmp'
Building CXX object CMakeFiles/cmTC_6fd20.dir/src.cxx.o
/usr/bin/c++    -std=c++03 -pedantic -Wall -Wextra -Wundef -Wcast-align -Wchar-subscripts -Wnon-virtual-dtor -Wunused-local-typedefs -Wpointer-arith -Wwrite-strings -Wformat-security -Wlogical-op -Wdouble-promotion -Wno-psabi -Wno-variadic-macros -Wno-long-long -fno-check-new -fno-common -fstrict-aliasing -ansi -DCOMPILER_SUPPORT_OPENMP   -fopenmp -o CMakeFiles/cmTC_6fd20.dir/src.cxx.o -c /mnt/c/Users/Indil/Desktop/RStudioGit/IterativeMethods/build_dir/CMakeFiles/CMakeTmp/src.cxx
Linking CXX executable cmTC_6fd20
/usr/bin/cmake -E cmake_link_script CMakeFiles/cmTC_6fd20.dir/link.txt --verbose=1
/usr/bin/c++   -std=c++03 -pedantic -Wall -Wextra -Wundef -Wcast-align -Wchar-subscripts -Wnon-virtual-dtor -Wunused-local-typedefs -Wpointer-arith -Wwrite-strings -Wformat-security -Wlogical-op -Wdouble-promotion -Wno-psabi -Wno-variadic-macros -Wno-long-long -fno-check-new -fno-common -fstrict-aliasing -ansi -DCOMPILER_SUPPORT_OPENMP    -rdynamic CMakeFiles/cmTC_6fd20.dir/src.cxx.o  -o cmTC_6fd20 
make[1]: Leaving directory '/mnt/c/Users/Indil/Desktop/RStudioGit/IterativeMethods/build_dir/CMakeFiles/CMakeTmp'


Source file was:
int main() { return 0; }
Determining if the include file pthread.h exists passed with the following output:
Change Dir: /mnt/c/Users/Indil/Desktop/RStudioGit/IterativeMethods/build_dir/CMakeFiles/CMakeTmp

Run Build Command(s):/usr/bin/make cmTC_21187/fast && /usr/bin/make -f CMakeFiles/cmTC_21187.dir/build.make CMakeFiles/cmTC_21187.dir/build
make[1]: Entering directory '/mnt/c/Users/Indil/Desktop/RStudioGit/IterativeMethods/build_dir/CMakeFiles/CMakeTmp'
Building C object CMakeFiles/cmTC_21187.dir/CheckIncludeFile.c.o
/usr/bin/cc    -o CMakeFiles/cmTC_21187.dir/CheckIncludeFile.c.o   -c /mnt/c/Users/Indil/Desktop/RStudioGit/IterativeMethods/build_dir/CMakeFiles/CMakeTmp/CheckIncludeFile.c
Linking C executable cmTC_21187
/usr/bin/cmake -E cmake_link_script CMakeFiles/cmTC_21187.dir/link.txt --verbose=1
/usr/bin/cc      -rdynamic CMakeFiles/cmTC_21187.dir/CheckIncludeFile.c.o  -o cmTC_21187 
make[1]: Leaving directory '/mnt/c/Users/Indil/Desktop/RStudioGit/IterativeMethods/build_dir/CMakeFiles/CMakeTmp'



Determining if the function pthread_create exists in the pthread passed with the following output:
Change Dir: /mnt/c/Users/Indil/Desktop/RStudioGit/IterativeMethods/build_dir/CMakeFiles/CMakeTmp

Run Build Command(s):/usr/bin/make cmTC_28f90/fast && /usr/bin/make -f CMakeFiles/cmTC_28f90.dir/build.make CMakeFiles/cmTC_28f90.dir/build
make[1]: Entering directory '/mnt/c/Users/Indil/Desktop/RStudioGit/IterativeMethods/build_dir/CMakeFiles/CMakeTmp'
Building C object CMakeFiles/cmTC_28f90.dir/CheckFunctionExists.c.o
/usr/bin/cc   -DCHECK_FUNCTION_EXISTS=pthread_create   -o CMakeFiles/cmTC_28f90.dir/CheckFunctionExists.c.o   -c /usr/share/cmake-3.16/Modules/CheckFunctionExists.c
Linking C executable cmTC_28f90
/usr/bin/cmake -E cmake_link_script CMakeFiles/cmTC_28f90.dir/link.txt --verbose=1
/usr/bin/cc  -DCHECK_FUNCTION_EXISTS=pthread_create    -rdynamic CMakeFiles/cmTC_28f90.dir/CheckFunctionExists.c.o  -o cmTC_28f90  -lpthread 
make[1]: Leaving directory '/mnt/c/Users/Indil/Desktop/RStudioGit/IterativeMethods/build_dir/CMakeFiles/CMakeTmp'



Performing C++ SOURCE FILE Test COMPILER_SUPPORT_FASTMATH succeeded with the following output:
Change Dir: /mnt/c/Users/Indil/Desktop/RStudioGit/IterativeMethods/build_dir/CMakeFiles/CMakeTmp

Run Build Command(s):/usr/bin/make cmTC_f8c85/fast && /usr/bin/make -f CMakeFiles/cmTC_f8c85.dir/build.make CMakeFiles/cmTC_f8c85.dir/build
make[1]: Entering directory '/mnt/c/Users/Indil/Desktop/RStudioGit/IterativeMethods/build_dir/CMakeFiles/CMakeTmp'
Building CXX object CMakeFiles/cmTC_f8c85.dir/src.cxx.o
/usr/bin/c++    -std=c++03 -pedantic -Wall -Wextra -Wundef -Wcast-align -Wchar-subscripts -Wnon-virtual-dtor -Wunused-local-typedefs -Wpointer-arith -Wwrite-strings -Wformat-security -Wlogical-op -Wdouble-promotion -Wno-psabi -Wno-variadic-macros -Wno-long-long -fno-check-new -fno-common -fstrict-aliasing -ansi -DCOMPILER_SUPPORT_FASTMATH   -ffast-math -o CMakeFiles/cmTC_f8c85.dir/src.cxx.o -c /mnt/c/Users/Indil/Desktop/RStudioGit/IterativeMethods/build_dir/CMakeFiles/CMakeTmp/src.cxx
Linking CXX executable cmTC_f8c85
/usr/bin/cmake -E cmake_link_script CMakeFiles/cmTC_f8c85.dir/link.txt --verbose=1
/usr/bin/c++   -std=c++03 -pedantic -Wall -Wextra -Wundef -Wcast-align -Wchar-subscripts -Wnon-virtual-dtor -Wunused-local-typedefs -Wpointer-arith -Wwrite-strings -Wformat-security -Wlogical-op -Wdouble-promotion -Wno-psabi -Wno-variadic-macros -Wno-long-long -fno-check-new -fno-common -fstrict-aliasing -ansi -DCOMPILER_SUPPORT_FASTMATH    -rdynamic CMakeFiles/cmTC_f8c85.dir/src.cxx.o  -o cmTC_f8c85 
make[1]: Leaving directory '/mnt/c/Users/Indil/Desktop/RStudioGit/IterativeMethods/build_dir/CMakeFiles/CMakeTmp'


Source file was:
int main() { return 0; }
